2020-01-22 23:59:28 INFO  SinglePhotoBusinessLogic:32 - URL to be hit:nullnull/5
2020-01-22 23:59:52 INFO  SinglePhotoBusinessLogic:32 - URL to be hit:nullnull/5
2020-01-22 23:59:55 INFO  SinglePhotoBusinessLogic:32 - URL to be hit:nullnull/6
2020-01-22 23:59:55 INFO  SinglePhotoBusinessLogic:32 - URL to be hit:nullnull/7
2020-01-23 00:03:13 INFO  SinglePhotoBusinessLogic:32 - URL to be hit:null/photos/5
2020-01-23 00:03:15 INFO  SinglePhotoBusinessLogic:32 - URL to be hit:null/photos/6
2020-01-23 00:03:15 INFO  SinglePhotoBusinessLogic:32 - URL to be hit:null/photos/7
2020-01-23 00:05:35 INFO  SinglePhotoBusinessLogic:32 - URL to be hit:http://jsonplaceholder.typicode.com/photos/5
2020-01-23 00:05:38 INFO  SinglePhotoBusinessLogic:36 - URL to be hit:SinglePhoto [albumId=1, id=5, title=natus nisi omnis corporis facere molestiae rerum in, url=https://via.placeholder.com/600/f66b97, thumbnailUrl=https://via.placeholder.com/150/f66b97]
2020-01-23 00:05:38 INFO  SinglePhotosTestCases:26 - SinglePhoto [albumId=1, id=5, title=natus nisi omnis corporis facere molestiae rerum in, url=https://via.placeholder.com/600/f66b97, thumbnailUrl=https://via.placeholder.com/150/f66b97]
2020-01-23 00:05:38 INFO  SinglePhotoBusinessLogic:32 - URL to be hit:http://jsonplaceholder.typicode.com/photos/6
2020-01-23 00:05:38 INFO  SinglePhotoBusinessLogic:36 - URL to be hit:SinglePhoto [albumId=1, id=6, title=accusamus ea aliquid et amet sequi nemo, url=https://via.placeholder.com/600/56a8c2, thumbnailUrl=https://via.placeholder.com/150/56a8c2]
2020-01-23 00:05:38 INFO  SinglePhotosTestCases:26 - SinglePhoto [albumId=1, id=6, title=accusamus ea aliquid et amet sequi nemo, url=https://via.placeholder.com/600/56a8c2, thumbnailUrl=https://via.placeholder.com/150/56a8c2]
2020-01-23 00:05:38 INFO  SinglePhotoBusinessLogic:32 - URL to be hit:http://jsonplaceholder.typicode.com/photos/7
2020-01-23 00:05:38 INFO  SinglePhotoBusinessLogic:36 - URL to be hit:SinglePhoto [albumId=1, id=7, title=officia delectus consequatur vero aut veniam explicabo molestias, url=https://via.placeholder.com/600/b0f7cc, thumbnailUrl=https://via.placeholder.com/150/b0f7cc]
2020-01-23 00:05:38 INFO  SinglePhotosTestCases:26 - SinglePhoto [albumId=1, id=7, title=officia delectus consequatur vero aut veniam explicabo molestias, url=https://via.placeholder.com/600/b0f7cc, thumbnailUrl=https://via.placeholder.com/150/b0f7cc]
2020-01-23 00:21:31 INFO  SinglePhotoBusinessLogic:32 - URL to be hit:http://jsonplaceholder.typicode.com/photos/5
2020-01-23 00:21:33 INFO  SinglePhotoBusinessLogic:36 - URL to be hit:SinglePhoto [albumId=1, id=5, title=natus nisi omnis corporis facere molestiae rerum in, url=https://via.placeholder.com/600/f66b97, thumbnailUrl=https://via.placeholder.com/150/f66b97]
2020-01-23 00:21:33 INFO  SinglePhotosTestCases:26 - SinglePhoto [albumId=1, id=5, title=natus nisi omnis corporis facere molestiae rerum in, url=https://via.placeholder.com/600/f66b97, thumbnailUrl=https://via.placeholder.com/150/f66b97]
2020-01-23 00:21:33 INFO  SinglePhotoBusinessLogic:32 - URL to be hit:http://jsonplaceholder.typicode.com/photos/6
2020-01-23 00:21:34 INFO  SinglePhotoBusinessLogic:36 - URL to be hit:SinglePhoto [albumId=1, id=6, title=accusamus ea aliquid et amet sequi nemo, url=https://via.placeholder.com/600/56a8c2, thumbnailUrl=https://via.placeholder.com/150/56a8c2]
2020-01-23 00:21:34 INFO  SinglePhotosTestCases:26 - SinglePhoto [albumId=1, id=6, title=accusamus ea aliquid et amet sequi nemo, url=https://via.placeholder.com/600/56a8c2, thumbnailUrl=https://via.placeholder.com/150/56a8c2]
2020-01-23 00:21:34 INFO  SinglePhotoBusinessLogic:32 - URL to be hit:http://jsonplaceholder.typicode.com/photos/7
2020-01-23 00:21:34 INFO  SinglePhotoBusinessLogic:36 - URL to be hit:SinglePhoto [albumId=1, id=7, title=officia delectus consequatur vero aut veniam explicabo molestias, url=https://via.placeholder.com/600/b0f7cc, thumbnailUrl=https://via.placeholder.com/150/b0f7cc]
2020-01-23 00:21:34 INFO  SinglePhotosTestCases:26 - SinglePhoto [albumId=1, id=7, title=officia delectus consequatur vero aut veniam explicabo molestias, url=https://via.placeholder.com/600/b0f7cc, thumbnailUrl=https://via.placeholder.com/150/b0f7cc]
2020-01-23 00:31:54 INFO  SinglePhotoBusinessLogic:32 - URL to be hit:http://jsonplaceholder.typicode.com/photos/5
2020-01-23 00:31:56 INFO  SinglePhotoBusinessLogic:36 - URL to be hit:SinglePhoto [albumId=1, id=5, title=natus nisi omnis corporis facere molestiae rerum in, url=https://via.placeholder.com/600/f66b97, thumbnailUrl=https://via.placeholder.com/150/f66b97]
2020-01-23 00:31:56 INFO  SinglePhotosTestCases:26 - SinglePhoto [albumId=1, id=5, title=natus nisi omnis corporis facere molestiae rerum in, url=https://via.placeholder.com/600/f66b97, thumbnailUrl=https://via.placeholder.com/150/f66b97]
2020-01-23 00:31:56 INFO  SinglePhotoBusinessLogic:32 - URL to be hit:http://jsonplaceholder.typicode.com/photos/6
2020-01-23 00:31:57 INFO  SinglePhotoBusinessLogic:36 - URL to be hit:SinglePhoto [albumId=1, id=6, title=accusamus ea aliquid et amet sequi nemo, url=https://via.placeholder.com/600/56a8c2, thumbnailUrl=https://via.placeholder.com/150/56a8c2]
2020-01-23 00:31:57 INFO  SinglePhotosTestCases:26 - SinglePhoto [albumId=1, id=6, title=accusamus ea aliquid et amet sequi nemo, url=https://via.placeholder.com/600/56a8c2, thumbnailUrl=https://via.placeholder.com/150/56a8c2]
2020-01-23 00:31:57 INFO  SinglePhotoBusinessLogic:32 - URL to be hit:http://jsonplaceholder.typicode.com/photos/7
2020-01-23 00:31:57 INFO  SinglePhotoBusinessLogic:36 - URL to be hit:SinglePhoto [albumId=1, id=7, title=officia delectus consequatur vero aut veniam explicabo molestias, url=https://via.placeholder.com/600/b0f7cc, thumbnailUrl=https://via.placeholder.com/150/b0f7cc]
2020-01-23 00:31:57 INFO  SinglePhotosTestCases:26 - SinglePhoto [albumId=1, id=7, title=officia delectus consequatur vero aut veniam explicabo molestias, url=https://via.placeholder.com/600/b0f7cc, thumbnailUrl=https://via.placeholder.com/150/b0f7cc]
2020-01-23 00:47:59 INFO  SinglePhotoBusinessLogic:32 - URL to be hit:http://jsonplaceholder.typicode.com/photos/5
2020-01-23 00:48:01 INFO  SinglePhotoBusinessLogic:36 - URL to be hit:SinglePhoto [albumId=1, id=5, title=natus nisi omnis corporis facere molestiae rerum in, url=https://via.placeholder.com/600/f66b97, thumbnailUrl=https://via.placeholder.com/150/f66b97]
2020-01-23 00:48:01 INFO  SinglePhotosTestCases:26 - SinglePhoto [albumId=1, id=5, title=natus nisi omnis corporis facere molestiae rerum in, url=https://via.placeholder.com/600/f66b97, thumbnailUrl=https://via.placeholder.com/150/f66b97]
2020-01-23 00:48:01 INFO  SinglePhotoBusinessLogic:32 - URL to be hit:http://jsonplaceholder.typicode.com/photos/6
2020-01-23 00:48:01 INFO  SinglePhotoBusinessLogic:36 - URL to be hit:SinglePhoto [albumId=1, id=6, title=accusamus ea aliquid et amet sequi nemo, url=https://via.placeholder.com/600/56a8c2, thumbnailUrl=https://via.placeholder.com/150/56a8c2]
2020-01-23 00:48:01 INFO  SinglePhotosTestCases:26 - SinglePhoto [albumId=1, id=6, title=accusamus ea aliquid et amet sequi nemo, url=https://via.placeholder.com/600/56a8c2, thumbnailUrl=https://via.placeholder.com/150/56a8c2]
2020-01-23 00:48:01 INFO  SinglePhotoBusinessLogic:32 - URL to be hit:http://jsonplaceholder.typicode.com/photos/7
2020-01-23 00:48:01 INFO  SinglePhotoBusinessLogic:36 - URL to be hit:SinglePhoto [albumId=1, id=7, title=officia delectus consequatur vero aut veniam explicabo molestias, url=https://via.placeholder.com/600/b0f7cc, thumbnailUrl=https://via.placeholder.com/150/b0f7cc]
2020-01-23 00:48:01 INFO  SinglePhotosTestCases:26 - SinglePhoto [albumId=1, id=7, title=officia delectus consequatur vero aut veniam explicabo molestias, url=https://via.placeholder.com/600/b0f7cc, thumbnailUrl=https://via.placeholder.com/150/b0f7cc]
2020-01-23 00:48:31 INFO  SinglePhotoBusinessLogic:32 - URL to be hit:http://jsonplaceholder.typicode.com/photos/5
2020-01-23 00:48:33 INFO  SinglePhotoBusinessLogic:36 - URL to be hit:SinglePhoto [albumId=1, id=5, title=natus nisi omnis corporis facere molestiae rerum in, url=https://via.placeholder.com/600/f66b97, thumbnailUrl=https://via.placeholder.com/150/f66b97]
2020-01-23 00:48:33 INFO  SinglePhotosTestCases:26 - SinglePhoto [albumId=1, id=5, title=natus nisi omnis corporis facere molestiae rerum in, url=https://via.placeholder.com/600/f66b97, thumbnailUrl=https://via.placeholder.com/150/f66b97]
2020-01-23 00:48:33 INFO  SinglePhotoBusinessLogic:32 - URL to be hit:http://jsonplaceholder.typicode.com/photos/6
2020-01-23 00:48:34 INFO  SinglePhotoBusinessLogic:36 - URL to be hit:SinglePhoto [albumId=1, id=6, title=accusamus ea aliquid et amet sequi nemo, url=https://via.placeholder.com/600/56a8c2, thumbnailUrl=https://via.placeholder.com/150/56a8c2]
2020-01-23 00:48:34 INFO  SinglePhotosTestCases:26 - SinglePhoto [albumId=1, id=6, title=accusamus ea aliquid et amet sequi nemo, url=https://via.placeholder.com/600/56a8c2, thumbnailUrl=https://via.placeholder.com/150/56a8c2]
2020-01-23 00:48:34 INFO  SinglePhotoBusinessLogic:32 - URL to be hit:http://jsonplaceholder.typicode.com/photos/7
2020-01-23 00:48:34 INFO  SinglePhotoBusinessLogic:36 - URL to be hit:SinglePhoto [albumId=1, id=7, title=officia delectus consequatur vero aut veniam explicabo molestias, url=https://via.placeholder.com/600/b0f7cc, thumbnailUrl=https://via.placeholder.com/150/b0f7cc]
2020-01-23 00:48:34 INFO  SinglePhotosTestCases:26 - SinglePhoto [albumId=1, id=7, title=officia delectus consequatur vero aut veniam explicabo molestias, url=https://via.placeholder.com/600/b0f7cc, thumbnailUrl=https://via.placeholder.com/150/b0f7cc]
2020-01-23 00:54:14 INFO  SinglePhotoBusinessLogic:32 - URL to be hit:http://jsonplaceholder.typicode.com/photos/5
2020-01-23 00:54:16 INFO  SinglePhotoBusinessLogic:36 - URL to be hit:SinglePhoto [albumId=1, id=5, title=natus nisi omnis corporis facere molestiae rerum in, url=https://via.placeholder.com/600/f66b97, thumbnailUrl=https://via.placeholder.com/150/f66b97]
2020-01-23 00:54:16 INFO  SinglePhotosTestCases:26 - SinglePhoto [albumId=1, id=5, title=natus nisi omnis corporis facere molestiae rerum in, url=https://via.placeholder.com/600/f66b97, thumbnailUrl=https://via.placeholder.com/150/f66b97]
2020-01-23 00:54:16 INFO  SinglePhotoBusinessLogic:32 - URL to be hit:http://jsonplaceholder.typicode.com/photos/6
2020-01-23 00:54:16 INFO  SinglePhotoBusinessLogic:36 - URL to be hit:SinglePhoto [albumId=1, id=6, title=accusamus ea aliquid et amet sequi nemo, url=https://via.placeholder.com/600/56a8c2, thumbnailUrl=https://via.placeholder.com/150/56a8c2]
2020-01-23 00:54:16 INFO  SinglePhotosTestCases:26 - SinglePhoto [albumId=1, id=6, title=accusamus ea aliquid et amet sequi nemo, url=https://via.placeholder.com/600/56a8c2, thumbnailUrl=https://via.placeholder.com/150/56a8c2]
2020-01-23 00:54:16 INFO  SinglePhotoBusinessLogic:32 - URL to be hit:http://jsonplaceholder.typicode.com/photos/7
2020-01-23 00:54:17 INFO  SinglePhotoBusinessLogic:36 - URL to be hit:SinglePhoto [albumId=1, id=7, title=officia delectus consequatur vero aut veniam explicabo molestias, url=https://via.placeholder.com/600/b0f7cc, thumbnailUrl=https://via.placeholder.com/150/b0f7cc]
2020-01-23 00:54:17 INFO  SinglePhotosTestCases:26 - SinglePhoto [albumId=1, id=7, title=officia delectus consequatur vero aut veniam explicabo molestias, url=https://via.placeholder.com/600/b0f7cc, thumbnailUrl=https://via.placeholder.com/150/b0f7cc]
2020-01-23 00:54:45 INFO  SinglePhotoBusinessLogic:32 - URL to be hit:http://jsonplaceholder.typicode.com/photos/5
2020-01-23 00:54:47 INFO  SinglePhotoBusinessLogic:36 - URL to be hit:SinglePhoto [albumId=1, id=5, title=natus nisi omnis corporis facere molestiae rerum in, url=https://via.placeholder.com/600/f66b97, thumbnailUrl=https://via.placeholder.com/150/f66b97]
2020-01-23 00:54:47 INFO  SinglePhotosTestCases:26 - SinglePhoto [albumId=1, id=5, title=natus nisi omnis corporis facere molestiae rerum in, url=https://via.placeholder.com/600/f66b97, thumbnailUrl=https://via.placeholder.com/150/f66b97]
2020-01-23 00:54:47 INFO  SinglePhotoBusinessLogic:32 - URL to be hit:http://jsonplaceholder.typicode.com/photos/6
2020-01-23 00:54:48 INFO  SinglePhotoBusinessLogic:36 - URL to be hit:SinglePhoto [albumId=1, id=6, title=accusamus ea aliquid et amet sequi nemo, url=https://via.placeholder.com/600/56a8c2, thumbnailUrl=https://via.placeholder.com/150/56a8c2]
2020-01-23 00:54:48 INFO  SinglePhotosTestCases:26 - SinglePhoto [albumId=1, id=6, title=accusamus ea aliquid et amet sequi nemo, url=https://via.placeholder.com/600/56a8c2, thumbnailUrl=https://via.placeholder.com/150/56a8c2]
2020-01-23 00:54:48 INFO  SinglePhotoBusinessLogic:32 - URL to be hit:http://jsonplaceholder.typicode.com/photos/7
2020-01-23 00:54:48 INFO  SinglePhotoBusinessLogic:36 - URL to be hit:SinglePhoto [albumId=1, id=7, title=officia delectus consequatur vero aut veniam explicabo molestias, url=https://via.placeholder.com/600/b0f7cc, thumbnailUrl=https://via.placeholder.com/150/b0f7cc]
2020-01-23 00:54:48 INFO  SinglePhotosTestCases:26 - SinglePhoto [albumId=1, id=7, title=officia delectus consequatur vero aut veniam explicabo molestias, url=https://via.placeholder.com/600/b0f7cc, thumbnailUrl=https://via.placeholder.com/150/b0f7cc]
2020-01-23 00:58:26 INFO  SinglePhotoBusinessLogic:32 - URL to be hit:http://jsonplaceholder.typicode.com/photos/5
2020-01-23 00:58:29 INFO  SinglePhotoBusinessLogic:36 - URL to be hit:SinglePhoto [albumId=1, id=5, title=natus nisi omnis corporis facere molestiae rerum in, url=https://via.placeholder.com/600/f66b97, thumbnailUrl=https://via.placeholder.com/150/f66b97]
2020-01-23 00:58:29 INFO  SinglePhotosTestCases:26 - SinglePhoto [albumId=1, id=5, title=natus nisi omnis corporis facere molestiae rerum in, url=https://via.placeholder.com/600/f66b97, thumbnailUrl=https://via.placeholder.com/150/f66b97]
2020-01-23 01:15:36 INFO  SinglePhotoBusinessLogic:32 - URL to be hit:http://jsonplaceholder.typicode.com/photos/5
2020-01-23 01:15:38 INFO  SinglePhotoBusinessLogic:36 - URL to be hit:SinglePhoto [albumId=1, id=5, title=natus nisi omnis corporis facere molestiae rerum in, url=https://via.placeholder.com/600/f66b97, thumbnailUrl=https://via.placeholder.com/150/f66b97]
2020-01-23 01:15:38 INFO  SinglePhotosTestCases:26 - SinglePhoto [albumId=1, id=5, title=natus nisi omnis corporis facere molestiae rerum in, url=https://via.placeholder.com/600/f66b97, thumbnailUrl=https://via.placeholder.com/150/f66b97]
2020-01-23 01:15:38 INFO  SinglePhotoBusinessLogic:32 - URL to be hit:http://jsonplaceholder.typicode.com/photos/6
2020-01-23 01:15:39 INFO  SinglePhotoBusinessLogic:36 - URL to be hit:SinglePhoto [albumId=1, id=6, title=accusamus ea aliquid et amet sequi nemo, url=https://via.placeholder.com/600/56a8c2, thumbnailUrl=https://via.placeholder.com/150/56a8c2]
2020-01-23 01:15:39 INFO  SinglePhotosTestCases:26 - SinglePhoto [albumId=1, id=6, title=accusamus ea aliquid et amet sequi nemo, url=https://via.placeholder.com/600/56a8c2, thumbnailUrl=https://via.placeholder.com/150/56a8c2]
2020-01-23 01:15:39 INFO  SinglePhotoBusinessLogic:32 - URL to be hit:http://jsonplaceholder.typicode.com/photos/7
2020-01-23 01:15:40 INFO  SinglePhotoBusinessLogic:36 - URL to be hit:SinglePhoto [albumId=1, id=7, title=officia delectus consequatur vero aut veniam explicabo molestias, url=https://via.placeholder.com/600/b0f7cc, thumbnailUrl=https://via.placeholder.com/150/b0f7cc]
2020-01-23 01:15:40 INFO  SinglePhotosTestCases:26 - SinglePhoto [albumId=1, id=7, title=officia delectus consequatur vero aut veniam explicabo molestias, url=https://via.placeholder.com/600/b0f7cc, thumbnailUrl=https://via.placeholder.com/150/b0f7cc]
2020-01-23 01:16:01 INFO  SinglePhotoBusinessLogic:32 - URL to be hit:http://jsonplaceholder.typicode.com/photos/5
2020-01-23 01:16:03 INFO  SinglePhotoBusinessLogic:36 - URL to be hit:SinglePhoto [albumId=1, id=5, title=natus nisi omnis corporis facere molestiae rerum in, url=https://via.placeholder.com/600/f66b97, thumbnailUrl=https://via.placeholder.com/150/f66b97]
2020-01-23 01:16:03 INFO  SinglePhotosTestCases:26 - SinglePhoto [albumId=1, id=5, title=natus nisi omnis corporis facere molestiae rerum in, url=https://via.placeholder.com/600/f66b97, thumbnailUrl=https://via.placeholder.com/150/f66b97]
2020-01-23 01:16:03 INFO  SinglePhotoBusinessLogic:32 - URL to be hit:http://jsonplaceholder.typicode.com/photos/6
2020-01-23 01:16:04 INFO  SinglePhotoBusinessLogic:36 - URL to be hit:SinglePhoto [albumId=1, id=6, title=accusamus ea aliquid et amet sequi nemo, url=https://via.placeholder.com/600/56a8c2, thumbnailUrl=https://via.placeholder.com/150/56a8c2]
2020-01-23 01:16:04 INFO  SinglePhotosTestCases:26 - SinglePhoto [albumId=1, id=6, title=accusamus ea aliquid et amet sequi nemo, url=https://via.placeholder.com/600/56a8c2, thumbnailUrl=https://via.placeholder.com/150/56a8c2]
2020-01-23 01:16:04 INFO  SinglePhotoBusinessLogic:32 - URL to be hit:http://jsonplaceholder.typicode.com/photos/7
2020-01-23 01:16:04 INFO  SinglePhotoBusinessLogic:36 - URL to be hit:SinglePhoto [albumId=1, id=7, title=officia delectus consequatur vero aut veniam explicabo molestias, url=https://via.placeholder.com/600/b0f7cc, thumbnailUrl=https://via.placeholder.com/150/b0f7cc]
2020-01-23 01:16:04 INFO  SinglePhotosTestCases:26 - SinglePhoto [albumId=1, id=7, title=officia delectus consequatur vero aut veniam explicabo molestias, url=https://via.placeholder.com/600/b0f7cc, thumbnailUrl=https://via.placeholder.com/150/b0f7cc]
2020-01-23 01:16:44 INFO  SinglePhotoBusinessLogic:32 - URL to be hit:http://jsonplaceholder.typicode.com/photos/5
2020-01-23 01:16:46 INFO  SinglePhotoBusinessLogic:36 - URL to be hit:SinglePhoto [albumId=1, id=5, title=natus nisi omnis corporis facere molestiae rerum in, url=https://via.placeholder.com/600/f66b97, thumbnailUrl=https://via.placeholder.com/150/f66b97]
2020-01-23 01:16:46 INFO  SinglePhotosTestCases:26 - SinglePhoto [albumId=1, id=5, title=natus nisi omnis corporis facere molestiae rerum in, url=https://via.placeholder.com/600/f66b97, thumbnailUrl=https://via.placeholder.com/150/f66b97]
2020-01-23 01:16:46 INFO  SinglePhotoBusinessLogic:32 - URL to be hit:http://jsonplaceholder.typicode.com/photos/6
2020-01-23 01:16:47 INFO  SinglePhotoBusinessLogic:36 - URL to be hit:SinglePhoto [albumId=1, id=6, title=accusamus ea aliquid et amet sequi nemo, url=https://via.placeholder.com/600/56a8c2, thumbnailUrl=https://via.placeholder.com/150/56a8c2]
2020-01-23 01:16:47 INFO  SinglePhotosTestCases:26 - SinglePhoto [albumId=1, id=6, title=accusamus ea aliquid et amet sequi nemo, url=https://via.placeholder.com/600/56a8c2, thumbnailUrl=https://via.placeholder.com/150/56a8c2]
2020-01-23 01:16:47 INFO  SinglePhotoBusinessLogic:32 - URL to be hit:http://jsonplaceholder.typicode.com/photos/7
2020-01-23 01:16:48 INFO  SinglePhotoBusinessLogic:36 - URL to be hit:SinglePhoto [albumId=1, id=7, title=officia delectus consequatur vero aut veniam explicabo molestias, url=https://via.placeholder.com/600/b0f7cc, thumbnailUrl=https://via.placeholder.com/150/b0f7cc]
2020-01-23 01:16:48 INFO  SinglePhotosTestCases:26 - SinglePhoto [albumId=1, id=7, title=officia delectus consequatur vero aut veniam explicabo molestias, url=https://via.placeholder.com/600/b0f7cc, thumbnailUrl=https://via.placeholder.com/150/b0f7cc]
2020-01-23 01:17:03 INFO  SinglePhotoBusinessLogic:32 - URL to be hit:http://jsonplaceholder.typicode.com/photos/5
2020-01-23 01:17:05 INFO  SinglePhotoBusinessLogic:36 - URL to be hit:SinglePhoto [albumId=1, id=5, title=natus nisi omnis corporis facere molestiae rerum in, url=https://via.placeholder.com/600/f66b97, thumbnailUrl=https://via.placeholder.com/150/f66b97]
2020-01-23 01:17:05 INFO  SinglePhotosTestCases:26 - SinglePhoto [albumId=1, id=5, title=natus nisi omnis corporis facere molestiae rerum in, url=https://via.placeholder.com/600/f66b97, thumbnailUrl=https://via.placeholder.com/150/f66b97]
2020-01-23 01:17:05 INFO  SinglePhotoBusinessLogic:32 - URL to be hit:http://jsonplaceholder.typicode.com/photos/6
2020-01-23 01:17:06 INFO  SinglePhotoBusinessLogic:36 - URL to be hit:SinglePhoto [albumId=1, id=6, title=accusamus ea aliquid et amet sequi nemo, url=https://via.placeholder.com/600/56a8c2, thumbnailUrl=https://via.placeholder.com/150/56a8c2]
2020-01-23 01:17:06 INFO  SinglePhotosTestCases:26 - SinglePhoto [albumId=1, id=6, title=accusamus ea aliquid et amet sequi nemo, url=https://via.placeholder.com/600/56a8c2, thumbnailUrl=https://via.placeholder.com/150/56a8c2]
2020-01-23 01:17:06 INFO  SinglePhotoBusinessLogic:32 - URL to be hit:http://jsonplaceholder.typicode.com/photos/7
2020-01-23 01:17:06 INFO  SinglePhotoBusinessLogic:36 - URL to be hit:SinglePhoto [albumId=1, id=7, title=officia delectus consequatur vero aut veniam explicabo molestias, url=https://via.placeholder.com/600/b0f7cc, thumbnailUrl=https://via.placeholder.com/150/b0f7cc]
2020-01-23 01:17:06 INFO  SinglePhotosTestCases:26 - SinglePhoto [albumId=1, id=7, title=officia delectus consequatur vero aut veniam explicabo molestias, url=https://via.placeholder.com/600/b0f7cc, thumbnailUrl=https://via.placeholder.com/150/b0f7cc]
2020-01-23 01:19:26 INFO  SinglePhotoBusinessLogic:32 - URL to be hit:http://jsonplaceholder.typicode.com/photos/5
2020-01-23 01:19:28 INFO  SinglePhotoBusinessLogic:36 - URL to be hit:SinglePhoto [albumId=1, id=5, title=natus nisi omnis corporis facere molestiae rerum in, url=https://via.placeholder.com/600/f66b97, thumbnailUrl=https://via.placeholder.com/150/f66b97]
2020-01-23 01:19:28 INFO  SinglePhotosTestCases:26 - SinglePhoto [albumId=1, id=5, title=natus nisi omnis corporis facere molestiae rerum in, url=https://via.placeholder.com/600/f66b97, thumbnailUrl=https://via.placeholder.com/150/f66b97]
2020-01-23 01:19:28 INFO  SinglePhotoBusinessLogic:32 - URL to be hit:http://jsonplaceholder.typicode.com/photos/6
2020-01-23 01:19:29 INFO  SinglePhotoBusinessLogic:36 - URL to be hit:SinglePhoto [albumId=1, id=6, title=accusamus ea aliquid et amet sequi nemo, url=https://via.placeholder.com/600/56a8c2, thumbnailUrl=https://via.placeholder.com/150/56a8c2]
2020-01-23 01:19:29 INFO  SinglePhotosTestCases:26 - SinglePhoto [albumId=1, id=6, title=accusamus ea aliquid et amet sequi nemo, url=https://via.placeholder.com/600/56a8c2, thumbnailUrl=https://via.placeholder.com/150/56a8c2]
2020-01-23 01:19:29 INFO  SinglePhotoBusinessLogic:32 - URL to be hit:http://jsonplaceholder.typicode.com/photos/7
2020-01-23 01:19:30 INFO  SinglePhotoBusinessLogic:36 - URL to be hit:SinglePhoto [albumId=1, id=7, title=officia delectus consequatur vero aut veniam explicabo molestias, url=https://via.placeholder.com/600/b0f7cc, thumbnailUrl=https://via.placeholder.com/150/b0f7cc]
2020-01-23 01:19:30 INFO  SinglePhotosTestCases:26 - SinglePhoto [albumId=1, id=7, title=officia delectus consequatur vero aut veniam explicabo molestias, url=https://via.placeholder.com/600/b0f7cc, thumbnailUrl=https://via.placeholder.com/150/b0f7cc]
2020-01-23 08:45:50 INFO  SinglePhotoBusinessLogic:32 - URL to be hit:http://jsonplaceholder.typicode.com/photos/5
2020-01-23 08:45:52 INFO  SinglePhotoBusinessLogic:36 - URL to be hit:SinglePhoto [albumId=1, id=5, title=natus nisi omnis corporis facere molestiae rerum in, url=https://via.placeholder.com/600/f66b97, thumbnailUrl=https://via.placeholder.com/150/f66b97]
2020-01-23 08:45:52 INFO  SinglePhotosTestCases:26 - SinglePhoto [albumId=1, id=5, title=natus nisi omnis corporis facere molestiae rerum in, url=https://via.placeholder.com/600/f66b97, thumbnailUrl=https://via.placeholder.com/150/f66b97]
2020-01-23 08:45:52 INFO  SinglePhotoBusinessLogic:32 - URL to be hit:http://jsonplaceholder.typicode.com/photos/6
2020-01-23 08:45:53 INFO  SinglePhotoBusinessLogic:36 - URL to be hit:SinglePhoto [albumId=1, id=6, title=accusamus ea aliquid et amet sequi nemo, url=https://via.placeholder.com/600/56a8c2, thumbnailUrl=https://via.placeholder.com/150/56a8c2]
2020-01-23 08:45:53 INFO  SinglePhotosTestCases:26 - SinglePhoto [albumId=1, id=6, title=accusamus ea aliquid et amet sequi nemo, url=https://via.placeholder.com/600/56a8c2, thumbnailUrl=https://via.placeholder.com/150/56a8c2]
2020-01-23 08:45:53 INFO  SinglePhotoBusinessLogic:32 - URL to be hit:http://jsonplaceholder.typicode.com/photos/7
2020-01-23 08:45:54 INFO  SinglePhotoBusinessLogic:36 - URL to be hit:SinglePhoto [albumId=1, id=7, title=officia delectus consequatur vero aut veniam explicabo molestias, url=https://via.placeholder.com/600/b0f7cc, thumbnailUrl=https://via.placeholder.com/150/b0f7cc]
2020-01-23 08:45:54 INFO  SinglePhotosTestCases:26 - SinglePhoto [albumId=1, id=7, title=officia delectus consequatur vero aut veniam explicabo molestias, url=https://via.placeholder.com/600/b0f7cc, thumbnailUrl=https://via.placeholder.com/150/b0f7cc]
2020-01-23 08:52:24 INFO  SinglePhotoBusinessLogic:32 - URL to be hit:http://jsonplaceholder.typicode.com/photos/5
2020-01-23 08:52:28 INFO  SinglePhotoBusinessLogic:36 - URL to be hit:SinglePhoto [albumId=1, id=5, title=natus nisi omnis corporis facere molestiae rerum in, url=https://via.placeholder.com/600/f66b97, thumbnailUrl=https://via.placeholder.com/150/f66b97]
2020-01-23 08:52:28 INFO  SinglePhotosTestCases:26 - SinglePhoto [albumId=1, id=5, title=natus nisi omnis corporis facere molestiae rerum in, url=https://via.placeholder.com/600/f66b97, thumbnailUrl=https://via.placeholder.com/150/f66b97]
2020-01-23 09:27:04 INFO  SinglePhotoBusinessLogic:32 - URL to be hit:http://jsonplaceholder.typicode.com/photos/5
2020-01-23 09:27:06 INFO  SinglePhotoBusinessLogic:36 - URL to be hit:SinglePhoto [albumId=1, id=5, title=natus nisi omnis corporis facere molestiae rerum in, url=https://via.placeholder.com/600/f66b97, thumbnailUrl=https://via.placeholder.com/150/f66b97]
2020-01-23 09:27:06 INFO  SinglePhotosTestCases:26 - SinglePhoto [albumId=1, id=5, title=natus nisi omnis corporis facere molestiae rerum in, url=https://via.placeholder.com/600/f66b97, thumbnailUrl=https://via.placeholder.com/150/f66b97]
2020-01-23 09:27:06 INFO  SinglePhotoBusinessLogic:32 - URL to be hit:http://jsonplaceholder.typicode.com/photos/6
2020-01-23 09:27:06 INFO  SinglePhotoBusinessLogic:36 - URL to be hit:SinglePhoto [albumId=1, id=6, title=accusamus ea aliquid et amet sequi nemo, url=https://via.placeholder.com/600/56a8c2, thumbnailUrl=https://via.placeholder.com/150/56a8c2]
2020-01-23 09:27:06 INFO  SinglePhotosTestCases:26 - SinglePhoto [albumId=1, id=6, title=accusamus ea aliquid et amet sequi nemo, url=https://via.placeholder.com/600/56a8c2, thumbnailUrl=https://via.placeholder.com/150/56a8c2]
2020-01-23 09:27:06 INFO  SinglePhotoBusinessLogic:32 - URL to be hit:http://jsonplaceholder.typicode.com/photos/7
2020-01-23 09:27:07 INFO  SinglePhotoBusinessLogic:36 - URL to be hit:SinglePhoto [albumId=1, id=7, title=officia delectus consequatur vero aut veniam explicabo molestias, url=https://via.placeholder.com/600/b0f7cc, thumbnailUrl=https://via.placeholder.com/150/b0f7cc]
2020-01-23 09:27:07 INFO  SinglePhotosTestCases:26 - SinglePhoto [albumId=1, id=7, title=officia delectus consequatur vero aut veniam explicabo molestias, url=https://via.placeholder.com/600/b0f7cc, thumbnailUrl=https://via.placeholder.com/150/b0f7cc]
2020-01-23 09:28:23 INFO  SinglePhotoBusinessLogic:32 - URL to be hit:http://jsonplaceholder.typicode.com/photos/5
2020-01-23 09:28:25 INFO  SinglePhotoBusinessLogic:36 - URL to be hit:SinglePhoto [albumId=1, id=5, title=natus nisi omnis corporis facere molestiae rerum in, url=https://via.placeholder.com/600/f66b97, thumbnailUrl=https://via.placeholder.com/150/f66b97]
2020-01-23 09:28:25 INFO  SinglePhotosTestCases:26 - SinglePhoto [albumId=1, id=5, title=natus nisi omnis corporis facere molestiae rerum in, url=https://via.placeholder.com/600/f66b97, thumbnailUrl=https://via.placeholder.com/150/f66b97]
2020-01-23 09:28:25 INFO  SinglePhotoBusinessLogic:32 - URL to be hit:http://jsonplaceholder.typicode.com/photos/6
2020-01-23 09:28:25 INFO  SinglePhotoBusinessLogic:36 - URL to be hit:SinglePhoto [albumId=1, id=6, title=accusamus ea aliquid et amet sequi nemo, url=https://via.placeholder.com/600/56a8c2, thumbnailUrl=https://via.placeholder.com/150/56a8c2]
2020-01-23 09:28:25 INFO  SinglePhotosTestCases:26 - SinglePhoto [albumId=1, id=6, title=accusamus ea aliquid et amet sequi nemo, url=https://via.placeholder.com/600/56a8c2, thumbnailUrl=https://via.placeholder.com/150/56a8c2]
2020-01-23 09:28:25 INFO  SinglePhotoBusinessLogic:32 - URL to be hit:http://jsonplaceholder.typicode.com/photos/7
2020-01-23 09:28:25 INFO  SinglePhotoBusinessLogic:36 - URL to be hit:SinglePhoto [albumId=1, id=7, title=officia delectus consequatur vero aut veniam explicabo molestias, url=https://via.placeholder.com/600/b0f7cc, thumbnailUrl=https://via.placeholder.com/150/b0f7cc]
2020-01-23 09:28:25 INFO  SinglePhotosTestCases:26 - SinglePhoto [albumId=1, id=7, title=officia delectus consequatur vero aut veniam explicabo molestias, url=https://via.placeholder.com/600/b0f7cc, thumbnailUrl=https://via.placeholder.com/150/b0f7cc]
2020-01-23 09:30:03 INFO  SinglePhotoBusinessLogic:32 - URL to be hit:http://jsonplaceholder.typicode.com/photos/5
2020-01-23 09:30:05 INFO  SinglePhotoBusinessLogic:36 - URL to be hit:SinglePhoto [albumId=1, id=5, title=natus nisi omnis corporis facere molestiae rerum in, url=https://via.placeholder.com/600/f66b97, thumbnailUrl=https://via.placeholder.com/150/f66b97]
2020-01-23 09:30:05 INFO  SinglePhotosTestCases:26 - SinglePhoto [albumId=1, id=5, title=natus nisi omnis corporis facere molestiae rerum in, url=https://via.placeholder.com/600/f66b97, thumbnailUrl=https://via.placeholder.com/150/f66b97]
2020-01-23 09:30:05 INFO  SinglePhotoBusinessLogic:32 - URL to be hit:http://jsonplaceholder.typicode.com/photos/6
2020-01-23 09:30:05 INFO  SinglePhotoBusinessLogic:36 - URL to be hit:SinglePhoto [albumId=1, id=6, title=accusamus ea aliquid et amet sequi nemo, url=https://via.placeholder.com/600/56a8c2, thumbnailUrl=https://via.placeholder.com/150/56a8c2]
2020-01-23 09:30:05 INFO  SinglePhotosTestCases:26 - SinglePhoto [albumId=1, id=6, title=accusamus ea aliquid et amet sequi nemo, url=https://via.placeholder.com/600/56a8c2, thumbnailUrl=https://via.placeholder.com/150/56a8c2]
2020-01-23 09:30:05 INFO  SinglePhotoBusinessLogic:32 - URL to be hit:http://jsonplaceholder.typicode.com/photos/7
2020-01-23 09:30:06 INFO  SinglePhotoBusinessLogic:36 - URL to be hit:SinglePhoto [albumId=1, id=7, title=officia delectus consequatur vero aut veniam explicabo molestias, url=https://via.placeholder.com/600/b0f7cc, thumbnailUrl=https://via.placeholder.com/150/b0f7cc]
2020-01-23 09:30:06 INFO  SinglePhotosTestCases:26 - SinglePhoto [albumId=1, id=7, title=officia delectus consequatur vero aut veniam explicabo molestias, url=https://via.placeholder.com/600/b0f7cc, thumbnailUrl=https://via.placeholder.com/150/b0f7cc]
2020-01-23 09:37:21 INFO  SinglePhotoBusinessLogic:32 - URL to be hit:http://jsonplaceholder.typicode.com/photos/5
2020-01-23 09:37:23 INFO  SinglePhotoBusinessLogic:36 - URL to be hit:SinglePhoto [albumId=1, id=5, title=natus nisi omnis corporis facere molestiae rerum in, url=https://via.placeholder.com/600/f66b97, thumbnailUrl=https://via.placeholder.com/150/f66b97]
2020-01-23 09:37:23 INFO  SinglePhotosTestCases:26 - SinglePhoto [albumId=1, id=5, title=natus nisi omnis corporis facere molestiae rerum in, url=https://via.placeholder.com/600/f66b97, thumbnailUrl=https://via.placeholder.com/150/f66b97]
2020-01-23 09:37:23 INFO  SinglePhotoBusinessLogic:32 - URL to be hit:http://jsonplaceholder.typicode.com/photos/6
2020-01-23 09:37:24 INFO  SinglePhotoBusinessLogic:36 - URL to be hit:SinglePhoto [albumId=1, id=6, title=accusamus ea aliquid et amet sequi nemo, url=https://via.placeholder.com/600/56a8c2, thumbnailUrl=https://via.placeholder.com/150/56a8c2]
2020-01-23 09:37:24 INFO  SinglePhotosTestCases:26 - SinglePhoto [albumId=1, id=6, title=accusamus ea aliquid et amet sequi nemo, url=https://via.placeholder.com/600/56a8c2, thumbnailUrl=https://via.placeholder.com/150/56a8c2]
2020-01-23 09:37:24 INFO  SinglePhotoBusinessLogic:32 - URL to be hit:http://jsonplaceholder.typicode.com/photos/7
2020-01-23 09:37:24 INFO  SinglePhotoBusinessLogic:36 - URL to be hit:SinglePhoto [albumId=1, id=7, title=officia delectus consequatur vero aut veniam explicabo molestias, url=https://via.placeholder.com/600/b0f7cc, thumbnailUrl=https://via.placeholder.com/150/b0f7cc]
2020-01-23 09:37:24 INFO  SinglePhotosTestCases:26 - SinglePhoto [albumId=1, id=7, title=officia delectus consequatur vero aut veniam explicabo molestias, url=https://via.placeholder.com/600/b0f7cc, thumbnailUrl=https://via.placeholder.com/150/b0f7cc]
2020-01-23 09:40:38 INFO  SinglePhotoBusinessLogic:32 - URL to be hit:http://jsonplaceholder.typicode.com/photos/5
2020-01-23 09:40:40 INFO  SinglePhotoBusinessLogic:36 - URL to be hit:SinglePhoto [albumId=1, id=5, title=natus nisi omnis corporis facere molestiae rerum in, url=https://via.placeholder.com/600/f66b97, thumbnailUrl=https://via.placeholder.com/150/f66b97]
2020-01-23 09:40:40 INFO  SinglePhotosTestCases:26 - SinglePhoto [albumId=1, id=5, title=natus nisi omnis corporis facere molestiae rerum in, url=https://via.placeholder.com/600/f66b97, thumbnailUrl=https://via.placeholder.com/150/f66b97]
2020-01-23 09:40:40 INFO  SinglePhotoBusinessLogic:32 - URL to be hit:http://jsonplaceholder.typicode.com/photos/6
2020-01-23 09:40:40 INFO  SinglePhotoBusinessLogic:36 - URL to be hit:SinglePhoto [albumId=1, id=6, title=accusamus ea aliquid et amet sequi nemo, url=https://via.placeholder.com/600/56a8c2, thumbnailUrl=https://via.placeholder.com/150/56a8c2]
2020-01-23 09:40:40 INFO  SinglePhotosTestCases:26 - SinglePhoto [albumId=1, id=6, title=accusamus ea aliquid et amet sequi nemo, url=https://via.placeholder.com/600/56a8c2, thumbnailUrl=https://via.placeholder.com/150/56a8c2]
2020-01-23 09:40:40 INFO  SinglePhotoBusinessLogic:32 - URL to be hit:http://jsonplaceholder.typicode.com/photos/7
2020-01-23 09:40:40 INFO  SinglePhotoBusinessLogic:36 - URL to be hit:SinglePhoto [albumId=1, id=7, title=officia delectus consequatur vero aut veniam explicabo molestias, url=https://via.placeholder.com/600/b0f7cc, thumbnailUrl=https://via.placeholder.com/150/b0f7cc]
2020-01-23 09:40:40 INFO  SinglePhotosTestCases:26 - SinglePhoto [albumId=1, id=7, title=officia delectus consequatur vero aut veniam explicabo molestias, url=https://via.placeholder.com/600/b0f7cc, thumbnailUrl=https://via.placeholder.com/150/b0f7cc]
2020-01-23 09:43:10 INFO  SinglePhotoBusinessLogic:32 - URL to be hit:http://jsonplaceholder.typicode.com/photos/5
2020-01-23 09:43:12 INFO  SinglePhotoBusinessLogic:36 - URL to be hit:SinglePhoto [albumId=1, id=5, title=natus nisi omnis corporis facere molestiae rerum in, url=https://via.placeholder.com/600/f66b97, thumbnailUrl=https://via.placeholder.com/150/f66b97]
2020-01-23 09:43:12 INFO  SinglePhotosTestCases:26 - SinglePhoto [albumId=1, id=5, title=natus nisi omnis corporis facere molestiae rerum in, url=https://via.placeholder.com/600/f66b97, thumbnailUrl=https://via.placeholder.com/150/f66b97]
2020-01-23 09:43:12 INFO  SinglePhotoBusinessLogic:32 - URL to be hit:http://jsonplaceholder.typicode.com/photos/6
2020-01-23 09:43:12 INFO  SinglePhotoBusinessLogic:36 - URL to be hit:SinglePhoto [albumId=1, id=6, title=accusamus ea aliquid et amet sequi nemo, url=https://via.placeholder.com/600/56a8c2, thumbnailUrl=https://via.placeholder.com/150/56a8c2]
2020-01-23 09:43:12 INFO  SinglePhotosTestCases:26 - SinglePhoto [albumId=1, id=6, title=accusamus ea aliquid et amet sequi nemo, url=https://via.placeholder.com/600/56a8c2, thumbnailUrl=https://via.placeholder.com/150/56a8c2]
2020-01-23 09:43:12 INFO  SinglePhotoBusinessLogic:32 - URL to be hit:http://jsonplaceholder.typicode.com/photos/7
2020-01-23 09:43:13 INFO  SinglePhotoBusinessLogic:36 - URL to be hit:SinglePhoto [albumId=1, id=7, title=officia delectus consequatur vero aut veniam explicabo molestias, url=https://via.placeholder.com/600/b0f7cc, thumbnailUrl=https://via.placeholder.com/150/b0f7cc]
2020-01-23 09:43:13 INFO  SinglePhotosTestCases:26 - SinglePhoto [albumId=1, id=7, title=officia delectus consequatur vero aut veniam explicabo molestias, url=https://via.placeholder.com/600/b0f7cc, thumbnailUrl=https://via.placeholder.com/150/b0f7cc]
2020-01-23 20:31:28 INFO  SinglePhotoBusinessLogic:32 - URL to be hit:http://jsonplaceholder.typicode.com/photos/5
2020-01-23 20:31:31 INFO  SinglePhotoBusinessLogic:36 - URL to be hit:SinglePhoto [albumId=1, id=5, title=natus nisi omnis corporis facere molestiae rerum in, url=https://via.placeholder.com/600/f66b97, thumbnailUrl=https://via.placeholder.com/150/f66b97]
2020-01-23 20:31:31 INFO  SinglePhotosTestCases:25 - SinglePhoto [albumId=1, id=5, title=natus nisi omnis corporis facere molestiae rerum in, url=https://via.placeholder.com/600/f66b97, thumbnailUrl=https://via.placeholder.com/150/f66b97]
2020-01-23 20:31:31 INFO  SinglePhotoBusinessLogic:32 - URL to be hit:http://jsonplaceholder.typicode.com/photos/6
2020-01-23 20:31:31 INFO  SinglePhotoBusinessLogic:36 - URL to be hit:SinglePhoto [albumId=1, id=6, title=accusamus ea aliquid et amet sequi nemo, url=https://via.placeholder.com/600/56a8c2, thumbnailUrl=https://via.placeholder.com/150/56a8c2]
2020-01-23 20:31:31 INFO  SinglePhotosTestCases:25 - SinglePhoto [albumId=1, id=6, title=accusamus ea aliquid et amet sequi nemo, url=https://via.placeholder.com/600/56a8c2, thumbnailUrl=https://via.placeholder.com/150/56a8c2]
2020-01-23 20:31:31 INFO  SinglePhotoBusinessLogic:32 - URL to be hit:http://jsonplaceholder.typicode.com/photos/7
2020-01-23 20:31:32 INFO  SinglePhotoBusinessLogic:36 - URL to be hit:SinglePhoto [albumId=1, id=7, title=officia delectus consequatur vero aut veniam explicabo molestias, url=https://via.placeholder.com/600/b0f7cc, thumbnailUrl=https://via.placeholder.com/150/b0f7cc]
2020-01-23 20:31:32 INFO  SinglePhotosTestCases:25 - SinglePhoto [albumId=1, id=7, title=officia delectus consequatur vero aut veniam explicabo molestias, url=https://via.placeholder.com/600/b0f7cc, thumbnailUrl=https://via.placeholder.com/150/b0f7cc]
2020-01-23 21:46:41 INFO  SinglePhotoBusinessLogic:32 - URL to be hit:http://jsonplaceholder.typicode.com/photos/5
2020-01-23 21:46:44 INFO  SinglePhotoBusinessLogic:36 - URL to be hit:SinglePhoto [albumId=1, id=5, title=natus nisi omnis corporis facere molestiae rerum in, url=https://via.placeholder.com/600/f66b97, thumbnailUrl=https://via.placeholder.com/150/f66b97]
2020-01-23 21:46:44 INFO  SinglePhotosTestCases:25 - SinglePhoto [albumId=1, id=5, title=natus nisi omnis corporis facere molestiae rerum in, url=https://via.placeholder.com/600/f66b97, thumbnailUrl=https://via.placeholder.com/150/f66b97]
2020-01-23 21:46:44 INFO  SinglePhotoBusinessLogic:32 - URL to be hit:http://jsonplaceholder.typicode.com/photos/6
2020-01-23 21:46:44 INFO  SinglePhotoBusinessLogic:36 - URL to be hit:SinglePhoto [albumId=1, id=6, title=accusamus ea aliquid et amet sequi nemo, url=https://via.placeholder.com/600/56a8c2, thumbnailUrl=https://via.placeholder.com/150/56a8c2]
2020-01-23 21:46:44 INFO  SinglePhotosTestCases:25 - SinglePhoto [albumId=1, id=6, title=accusamus ea aliquid et amet sequi nemo, url=https://via.placeholder.com/600/56a8c2, thumbnailUrl=https://via.placeholder.com/150/56a8c2]
2020-01-23 21:46:44 INFO  SinglePhotoBusinessLogic:32 - URL to be hit:http://jsonplaceholder.typicode.com/photos/7
2020-01-23 21:46:45 INFO  SinglePhotoBusinessLogic:36 - URL to be hit:SinglePhoto [albumId=1, id=7, title=officia delectus consequatur vero aut veniam explicabo molestias, url=https://via.placeholder.com/600/b0f7cc, thumbnailUrl=https://via.placeholder.com/150/b0f7cc]
2020-01-23 21:46:45 INFO  SinglePhotosTestCases:25 - SinglePhoto [albumId=1, id=7, title=officia delectus consequatur vero aut veniam explicabo molestias, url=https://via.placeholder.com/600/b0f7cc, thumbnailUrl=https://via.placeholder.com/150/b0f7cc]
2020-01-23 22:45:29 INFO  SinglePhotoBusinessLogic:32 - URL to be hit:http://jsonplaceholder.typicode.com/photos/5
2020-01-23 22:45:31 INFO  SinglePhotoBusinessLogic:36 - URL to be hit:SinglePhoto [albumId=1, id=5, title=natus nisi omnis corporis facere molestiae rerum in, url=https://via.placeholder.com/600/f66b97, thumbnailUrl=https://via.placeholder.com/150/f66b97]
2020-01-23 22:45:31 INFO  SinglePhotosTestCases:25 - SinglePhoto [albumId=1, id=5, title=natus nisi omnis corporis facere molestiae rerum in, url=https://via.placeholder.com/600/f66b97, thumbnailUrl=https://via.placeholder.com/150/f66b97]
2020-01-23 22:45:31 INFO  SinglePhotoBusinessLogic:32 - URL to be hit:http://jsonplaceholder.typicode.com/photos/6
2020-01-23 22:45:31 INFO  SinglePhotoBusinessLogic:36 - URL to be hit:SinglePhoto [albumId=1, id=6, title=accusamus ea aliquid et amet sequi nemo, url=https://via.placeholder.com/600/56a8c2, thumbnailUrl=https://via.placeholder.com/150/56a8c2]
2020-01-23 22:45:31 INFO  SinglePhotosTestCases:25 - SinglePhoto [albumId=1, id=6, title=accusamus ea aliquid et amet sequi nemo, url=https://via.placeholder.com/600/56a8c2, thumbnailUrl=https://via.placeholder.com/150/56a8c2]
2020-01-23 22:45:31 INFO  SinglePhotoBusinessLogic:32 - URL to be hit:http://jsonplaceholder.typicode.com/photos/7
2020-01-23 22:45:31 INFO  SinglePhotoBusinessLogic:36 - URL to be hit:SinglePhoto [albumId=1, id=7, title=officia delectus consequatur vero aut veniam explicabo molestias, url=https://via.placeholder.com/600/b0f7cc, thumbnailUrl=https://via.placeholder.com/150/b0f7cc]
2020-01-23 22:45:31 INFO  SinglePhotosTestCases:25 - SinglePhoto [albumId=1, id=7, title=officia delectus consequatur vero aut veniam explicabo molestias, url=https://via.placeholder.com/600/b0f7cc, thumbnailUrl=https://via.placeholder.com/150/b0f7cc]
2020-01-23 23:33:00 INFO  SinglePhotoBusinessLogic:32 - URL to be hit:http://jsonplaceholder.typicode.com/photos/5
2020-01-23 23:33:07 INFO  SinglePhotoBusinessLogic:36 - URL to be hit:SinglePhoto [albumId=1, id=5, title=natus nisi omnis corporis facere molestiae rerum in, url=https://via.placeholder.com/600/f66b97, thumbnailUrl=https://via.placeholder.com/150/f66b97]
2020-01-23 23:33:07 INFO  SinglePhotosTestCases:25 - SinglePhoto [albumId=1, id=5, title=natus nisi omnis corporis facere molestiae rerum in, url=https://via.placeholder.com/600/f66b97, thumbnailUrl=https://via.placeholder.com/150/f66b97]
2020-01-23 23:33:07 INFO  SinglePhotoBusinessLogic:32 - URL to be hit:http://jsonplaceholder.typicode.com/photos/6
2020-01-23 23:33:08 INFO  SinglePhotoBusinessLogic:36 - URL to be hit:SinglePhoto [albumId=1, id=6, title=accusamus ea aliquid et amet sequi nemo, url=https://via.placeholder.com/600/56a8c2, thumbnailUrl=https://via.placeholder.com/150/56a8c2]
2020-01-23 23:33:08 INFO  SinglePhotosTestCases:25 - SinglePhoto [albumId=1, id=6, title=accusamus ea aliquid et amet sequi nemo, url=https://via.placeholder.com/600/56a8c2, thumbnailUrl=https://via.placeholder.com/150/56a8c2]
2020-01-23 23:33:08 INFO  SinglePhotoBusinessLogic:32 - URL to be hit:http://jsonplaceholder.typicode.com/photos/7
2020-01-23 23:33:10 INFO  SinglePhotoBusinessLogic:36 - URL to be hit:SinglePhoto [albumId=1, id=7, title=officia delectus consequatur vero aut veniam explicabo molestias, url=https://via.placeholder.com/600/b0f7cc, thumbnailUrl=https://via.placeholder.com/150/b0f7cc]
2020-01-23 23:33:10 INFO  SinglePhotosTestCases:25 - SinglePhoto [albumId=1, id=7, title=officia delectus consequatur vero aut veniam explicabo molestias, url=https://via.placeholder.com/600/b0f7cc, thumbnailUrl=https://via.placeholder.com/150/b0f7cc]
2020-01-23 23:36:43 INFO  SinglePhotoBusinessLogic:32 - URL to be hit:http://jsonplaceholder.typicode.com/photos/5
2020-01-23 23:36:45 INFO  SinglePhotoBusinessLogic:36 - URL to be hit:SinglePhoto [albumId=1, id=5, title=natus nisi omnis corporis facere molestiae rerum in, url=https://via.placeholder.com/600/f66b97, thumbnailUrl=https://via.placeholder.com/150/f66b97]
2020-01-23 23:36:45 INFO  SinglePhotosTestCases:25 - SinglePhoto [albumId=1, id=5, title=natus nisi omnis corporis facere molestiae rerum in, url=https://via.placeholder.com/600/f66b97, thumbnailUrl=https://via.placeholder.com/150/f66b97]
2020-01-23 23:36:45 INFO  SinglePhotoBusinessLogic:32 - URL to be hit:http://jsonplaceholder.typicode.com/photos/6
2020-01-23 23:36:46 INFO  SinglePhotoBusinessLogic:36 - URL to be hit:SinglePhoto [albumId=1, id=6, title=accusamus ea aliquid et amet sequi nemo, url=https://via.placeholder.com/600/56a8c2, thumbnailUrl=https://via.placeholder.com/150/56a8c2]
2020-01-23 23:36:46 INFO  SinglePhotosTestCases:25 - SinglePhoto [albumId=1, id=6, title=accusamus ea aliquid et amet sequi nemo, url=https://via.placeholder.com/600/56a8c2, thumbnailUrl=https://via.placeholder.com/150/56a8c2]
2020-01-23 23:36:46 INFO  SinglePhotoBusinessLogic:32 - URL to be hit:http://jsonplaceholder.typicode.com/photos/7
2020-01-23 23:36:46 INFO  SinglePhotoBusinessLogic:36 - URL to be hit:SinglePhoto [albumId=1, id=7, title=officia delectus consequatur vero aut veniam explicabo molestias, url=https://via.placeholder.com/600/b0f7cc, thumbnailUrl=https://via.placeholder.com/150/b0f7cc]
2020-01-23 23:36:46 INFO  SinglePhotosTestCases:25 - SinglePhoto [albumId=1, id=7, title=officia delectus consequatur vero aut veniam explicabo molestias, url=https://via.placeholder.com/600/b0f7cc, thumbnailUrl=https://via.placeholder.com/150/b0f7cc]
2020-01-23 23:39:03 INFO  SinglePhotoBusinessLogic:32 - URL to be hit:http://jsonplaceholder.typicode.com/photos/5
2020-01-23 23:39:05 INFO  SinglePhotoBusinessLogic:36 - URL to be hit:SinglePhoto [albumId=1, id=5, title=natus nisi omnis corporis facere molestiae rerum in, url=https://via.placeholder.com/600/f66b97, thumbnailUrl=https://via.placeholder.com/150/f66b97]
2020-01-23 23:39:05 INFO  SinglePhotosTestCases:25 - SinglePhoto [albumId=1, id=5, title=natus nisi omnis corporis facere molestiae rerum in, url=https://via.placeholder.com/600/f66b97, thumbnailUrl=https://via.placeholder.com/150/f66b97]
2020-01-23 23:39:05 INFO  SinglePhotoBusinessLogic:32 - URL to be hit:http://jsonplaceholder.typicode.com/photos/6
2020-01-23 23:39:05 INFO  SinglePhotoBusinessLogic:36 - URL to be hit:SinglePhoto [albumId=1, id=6, title=accusamus ea aliquid et amet sequi nemo, url=https://via.placeholder.com/600/56a8c2, thumbnailUrl=https://via.placeholder.com/150/56a8c2]
2020-01-23 23:39:05 INFO  SinglePhotosTestCases:25 - SinglePhoto [albumId=1, id=6, title=accusamus ea aliquid et amet sequi nemo, url=https://via.placeholder.com/600/56a8c2, thumbnailUrl=https://via.placeholder.com/150/56a8c2]
2020-01-23 23:39:05 INFO  SinglePhotoBusinessLogic:32 - URL to be hit:http://jsonplaceholder.typicode.com/photos/7
2020-01-23 23:39:05 INFO  SinglePhotoBusinessLogic:36 - URL to be hit:SinglePhoto [albumId=1, id=7, title=officia delectus consequatur vero aut veniam explicabo molestias, url=https://via.placeholder.com/600/b0f7cc, thumbnailUrl=https://via.placeholder.com/150/b0f7cc]
2020-01-23 23:39:06 INFO  SinglePhotosTestCases:25 - SinglePhoto [albumId=1, id=7, title=officia delectus consequatur vero aut veniam explicabo molestias, url=https://via.placeholder.com/600/b0f7cc, thumbnailUrl=https://via.placeholder.com/150/b0f7cc]
2020-01-23 23:39:45 INFO  SinglePhotoBusinessLogic:32 - URL to be hit:http://jsonplaceholder.typicode.com/photos/5
2020-01-23 23:39:48 INFO  SinglePhotoBusinessLogic:36 - URL to be hit:SinglePhoto [albumId=1, id=5, title=natus nisi omnis corporis facere molestiae rerum in, url=https://via.placeholder.com/600/f66b97, thumbnailUrl=https://via.placeholder.com/150/f66b97]
2020-01-23 23:39:48 INFO  SinglePhotosTestCases:25 - SinglePhoto [albumId=1, id=5, title=natus nisi omnis corporis facere molestiae rerum in, url=https://via.placeholder.com/600/f66b97, thumbnailUrl=https://via.placeholder.com/150/f66b97]
2020-01-23 23:39:48 INFO  SinglePhotoBusinessLogic:32 - URL to be hit:http://jsonplaceholder.typicode.com/photos/6
2020-01-23 23:39:49 INFO  SinglePhotoBusinessLogic:36 - URL to be hit:SinglePhoto [albumId=1, id=6, title=accusamus ea aliquid et amet sequi nemo, url=https://via.placeholder.com/600/56a8c2, thumbnailUrl=https://via.placeholder.com/150/56a8c2]
2020-01-23 23:39:49 INFO  SinglePhotosTestCases:25 - SinglePhoto [albumId=1, id=6, title=accusamus ea aliquid et amet sequi nemo, url=https://via.placeholder.com/600/56a8c2, thumbnailUrl=https://via.placeholder.com/150/56a8c2]
2020-01-23 23:39:49 INFO  SinglePhotoBusinessLogic:32 - URL to be hit:http://jsonplaceholder.typicode.com/photos/7
2020-01-23 23:39:49 INFO  SinglePhotoBusinessLogic:36 - URL to be hit:SinglePhoto [albumId=1, id=7, title=officia delectus consequatur vero aut veniam explicabo molestias, url=https://via.placeholder.com/600/b0f7cc, thumbnailUrl=https://via.placeholder.com/150/b0f7cc]
2020-01-23 23:39:49 INFO  SinglePhotosTestCases:25 - SinglePhoto [albumId=1, id=7, title=officia delectus consequatur vero aut veniam explicabo molestias, url=https://via.placeholder.com/600/b0f7cc, thumbnailUrl=https://via.placeholder.com/150/b0f7cc]
2020-01-23 23:40:33 INFO  SinglePhotoBusinessLogic:32 - URL to be hit:http://jsonplaceholder.typicode.com/photos/5
2020-01-23 23:40:35 INFO  SinglePhotoBusinessLogic:36 - URL to be hit:SinglePhoto [albumId=1, id=5, title=natus nisi omnis corporis facere molestiae rerum in, url=https://via.placeholder.com/600/f66b97, thumbnailUrl=https://via.placeholder.com/150/f66b97]
2020-01-23 23:40:35 INFO  SinglePhotosTestCases:25 - SinglePhoto [albumId=1, id=5, title=natus nisi omnis corporis facere molestiae rerum in, url=https://via.placeholder.com/600/f66b97, thumbnailUrl=https://via.placeholder.com/150/f66b97]
2020-01-23 23:40:35 INFO  SinglePhotoBusinessLogic:32 - URL to be hit:http://jsonplaceholder.typicode.com/photos/6
2020-01-23 23:40:35 INFO  SinglePhotoBusinessLogic:36 - URL to be hit:SinglePhoto [albumId=1, id=6, title=accusamus ea aliquid et amet sequi nemo, url=https://via.placeholder.com/600/56a8c2, thumbnailUrl=https://via.placeholder.com/150/56a8c2]
2020-01-23 23:40:35 INFO  SinglePhotosTestCases:25 - SinglePhoto [albumId=1, id=6, title=accusamus ea aliquid et amet sequi nemo, url=https://via.placeholder.com/600/56a8c2, thumbnailUrl=https://via.placeholder.com/150/56a8c2]
2020-01-23 23:40:35 INFO  SinglePhotoBusinessLogic:32 - URL to be hit:http://jsonplaceholder.typicode.com/photos/7
2020-01-23 23:40:36 INFO  SinglePhotoBusinessLogic:36 - URL to be hit:SinglePhoto [albumId=1, id=7, title=officia delectus consequatur vero aut veniam explicabo molestias, url=https://via.placeholder.com/600/b0f7cc, thumbnailUrl=https://via.placeholder.com/150/b0f7cc]
2020-01-23 23:40:36 INFO  SinglePhotosTestCases:25 - SinglePhoto [albumId=1, id=7, title=officia delectus consequatur vero aut veniam explicabo molestias, url=https://via.placeholder.com/600/b0f7cc, thumbnailUrl=https://via.placeholder.com/150/b0f7cc]
2020-01-23 23:40:59 INFO  SinglePhotoBusinessLogic:32 - URL to be hit:http://jsonplaceholder.typicode.com/photos/5
2020-01-23 23:41:01 INFO  SinglePhotoBusinessLogic:36 - URL to be hit:SinglePhoto [albumId=1, id=5, title=natus nisi omnis corporis facere molestiae rerum in, url=https://via.placeholder.com/600/f66b97, thumbnailUrl=https://via.placeholder.com/150/f66b97]
2020-01-23 23:41:01 INFO  SinglePhotosTestCases:25 - SinglePhoto [albumId=1, id=5, title=natus nisi omnis corporis facere molestiae rerum in, url=https://via.placeholder.com/600/f66b97, thumbnailUrl=https://via.placeholder.com/150/f66b97]
2020-01-23 23:41:01 INFO  SinglePhotoBusinessLogic:32 - URL to be hit:http://jsonplaceholder.typicode.com/photos/6
2020-01-23 23:41:02 INFO  SinglePhotoBusinessLogic:36 - URL to be hit:SinglePhoto [albumId=1, id=6, title=accusamus ea aliquid et amet sequi nemo, url=https://via.placeholder.com/600/56a8c2, thumbnailUrl=https://via.placeholder.com/150/56a8c2]
2020-01-23 23:41:02 INFO  SinglePhotosTestCases:25 - SinglePhoto [albumId=1, id=6, title=accusamus ea aliquid et amet sequi nemo, url=https://via.placeholder.com/600/56a8c2, thumbnailUrl=https://via.placeholder.com/150/56a8c2]
2020-01-23 23:41:02 INFO  SinglePhotoBusinessLogic:32 - URL to be hit:http://jsonplaceholder.typicode.com/photos/7
2020-01-23 23:41:02 INFO  SinglePhotoBusinessLogic:36 - URL to be hit:SinglePhoto [albumId=1, id=7, title=officia delectus consequatur vero aut veniam explicabo molestias, url=https://via.placeholder.com/600/b0f7cc, thumbnailUrl=https://via.placeholder.com/150/b0f7cc]
2020-01-23 23:41:02 INFO  SinglePhotosTestCases:25 - SinglePhoto [albumId=1, id=7, title=officia delectus consequatur vero aut veniam explicabo molestias, url=https://via.placeholder.com/600/b0f7cc, thumbnailUrl=https://via.placeholder.com/150/b0f7cc]
2020-01-23 23:41:14 INFO  SingleUserBusinessLogic:29 - URL to be hit:http://jsonplaceholder.typicode.com/users/20
2020-01-23 23:41:17 INFO  SingleUserBusinessLogic:29 - URL to be hit:http://jsonplaceholder.typicode.com/users/21
2020-01-23 23:43:26 INFO  SinglePhotoBusinessLogic:32 - URL to be hit:http://jsonplaceholder.typicode.com/photos/5
2020-01-23 23:43:28 INFO  SinglePhotoBusinessLogic:36 - URL to be hit:SinglePhoto [albumId=1, id=5, title=natus nisi omnis corporis facere molestiae rerum in, url=https://via.placeholder.com/600/f66b97, thumbnailUrl=https://via.placeholder.com/150/f66b97]
2020-01-23 23:43:28 INFO  SinglePhotosTestCases:25 - SinglePhoto [albumId=1, id=5, title=natus nisi omnis corporis facere molestiae rerum in, url=https://via.placeholder.com/600/f66b97, thumbnailUrl=https://via.placeholder.com/150/f66b97]
2020-01-23 23:43:28 INFO  SinglePhotoBusinessLogic:32 - URL to be hit:http://jsonplaceholder.typicode.com/photos/6
2020-01-23 23:43:29 INFO  SinglePhotoBusinessLogic:36 - URL to be hit:SinglePhoto [albumId=1, id=6, title=accusamus ea aliquid et amet sequi nemo, url=https://via.placeholder.com/600/56a8c2, thumbnailUrl=https://via.placeholder.com/150/56a8c2]
2020-01-23 23:43:29 INFO  SinglePhotosTestCases:25 - SinglePhoto [albumId=1, id=6, title=accusamus ea aliquid et amet sequi nemo, url=https://via.placeholder.com/600/56a8c2, thumbnailUrl=https://via.placeholder.com/150/56a8c2]
2020-01-23 23:43:29 INFO  SinglePhotoBusinessLogic:32 - URL to be hit:http://jsonplaceholder.typicode.com/photos/7
2020-01-23 23:43:29 INFO  SinglePhotoBusinessLogic:36 - URL to be hit:SinglePhoto [albumId=1, id=7, title=officia delectus consequatur vero aut veniam explicabo molestias, url=https://via.placeholder.com/600/b0f7cc, thumbnailUrl=https://via.placeholder.com/150/b0f7cc]
2020-01-23 23:43:29 INFO  SinglePhotosTestCases:25 - SinglePhoto [albumId=1, id=7, title=officia delectus consequatur vero aut veniam explicabo molestias, url=https://via.placeholder.com/600/b0f7cc, thumbnailUrl=https://via.placeholder.com/150/b0f7cc]
2020-01-23 23:43:34 INFO  SingleUserBusinessLogic:29 - URL to be hit:http://jsonplaceholder.typicode.com/users/Samantha
2020-01-23 23:49:09 INFO  SingleUserBusinessLogic:32 - URL to be hit:http://jsonplaceholder.typicode.com/users
2020-01-23 23:54:58 INFO  SingleUserBusinessLogic:32 - URL to be hit:http://jsonplaceholder.typicode.com/users
2020-01-23 23:57:23 INFO  SingleUserBusinessLogic:32 - URL to be hit:http://jsonplaceholder.typicode.com/users
2020-01-23 23:59:04 INFO  SingleUserBusinessLogic:32 - URL to be hit:http://jsonplaceholder.typicode.com/users
2020-01-24 00:03:56 INFO  SingleUserBusinessLogic:32 - URL to be hit:http://jsonplaceholder.typicode.com/users
2020-01-24 00:09:05 INFO  SingleUserBusinessLogic:32 - URL to be hit:http://jsonplaceholder.typicode.com/users
2020-01-24 00:12:30 INFO  SingleUserBusinessLogic:32 - URL to be hit:http://jsonplaceholder.typicode.com/users
2020-01-24 00:16:57 INFO  SinglePhotoBusinessLogic:32 - URL to be hit:http://jsonplaceholder.typicode.com/photos/5
2020-01-24 00:16:59 INFO  SinglePhotoBusinessLogic:38 - URL to be hit:SinglePhoto [albumId=1, id=5, title=natus nisi omnis corporis facere molestiae rerum in, url=https://via.placeholder.com/600/f66b97, thumbnailUrl=https://via.placeholder.com/150/f66b97]
2020-01-24 00:16:59 INFO  SinglePhotosTestCases:25 - SinglePhoto [albumId=1, id=5, title=natus nisi omnis corporis facere molestiae rerum in, url=https://via.placeholder.com/600/f66b97, thumbnailUrl=https://via.placeholder.com/150/f66b97]
2020-01-24 00:16:59 INFO  SinglePhotoBusinessLogic:32 - URL to be hit:http://jsonplaceholder.typicode.com/photos/6
2020-01-24 00:17:00 INFO  SinglePhotoBusinessLogic:38 - URL to be hit:SinglePhoto [albumId=1, id=6, title=accusamus ea aliquid et amet sequi nemo, url=https://via.placeholder.com/600/56a8c2, thumbnailUrl=https://via.placeholder.com/150/56a8c2]
2020-01-24 00:17:00 INFO  SinglePhotosTestCases:25 - SinglePhoto [albumId=1, id=6, title=accusamus ea aliquid et amet sequi nemo, url=https://via.placeholder.com/600/56a8c2, thumbnailUrl=https://via.placeholder.com/150/56a8c2]
2020-01-24 00:17:00 INFO  SinglePhotoBusinessLogic:32 - URL to be hit:http://jsonplaceholder.typicode.com/photos/7
2020-01-24 00:17:00 INFO  SinglePhotoBusinessLogic:38 - URL to be hit:SinglePhoto [albumId=1, id=7, title=officia delectus consequatur vero aut veniam explicabo molestias, url=https://via.placeholder.com/600/b0f7cc, thumbnailUrl=https://via.placeholder.com/150/b0f7cc]
2020-01-24 00:17:00 INFO  SinglePhotosTestCases:25 - SinglePhoto [albumId=1, id=7, title=officia delectus consequatur vero aut veniam explicabo molestias, url=https://via.placeholder.com/600/b0f7cc, thumbnailUrl=https://via.placeholder.com/150/b0f7cc]
2020-01-24 00:24:22 INFO  SingleUserBusinessLogic:33 - URL to be hit:http://jsonplaceholder.typicode.com/users
2020-01-24 00:28:25 INFO  SingleUserBusinessLogic:32 - URL to be hit:http://jsonplaceholder.typicode.com/users
2020-01-24 00:31:32 INFO  SingleUserBusinessLogic:32 - URL to be hit:http://jsonplaceholder.typicode.com/users
2020-01-24 00:31:35 INFO  SingleUserBusinessLogic:45 - Single User :[Lcom.pojos.SingleUser;@704b2127
2020-01-24 00:31:35 INFO  IntegrationTestsCommentsValidations:44 - com.pojos.SingleUser@3ee39da0
2020-01-24 00:31:35 INFO  IntegrationTestsCommentsValidations:45 - 3
2020-01-24 00:31:35 INFO  AllPostsBusinessLogic:35 - URL to be hit: http://jsonplaceholder.typicode.com/posts?userId/3
2020-01-24 00:31:36 INFO  AllCommentssBusinessLogic:39 - URL to be hit: http://jsonplaceholder.typicode.com/comments?postId=1
2020-01-24 00:31:37 INFO  AllCommentssBusinessLogic:39 - URL to be hit: http://jsonplaceholder.typicode.com/comments?postId=2
2020-01-24 00:31:38 INFO  AllCommentssBusinessLogic:39 - URL to be hit: http://jsonplaceholder.typicode.com/comments?postId=3
2020-01-24 00:31:39 INFO  AllCommentssBusinessLogic:39 - URL to be hit: http://jsonplaceholder.typicode.com/comments?postId=4
2020-01-24 00:31:39 INFO  AllCommentssBusinessLogic:39 - URL to be hit: http://jsonplaceholder.typicode.com/comments?postId=5
2020-01-24 00:31:40 INFO  AllCommentssBusinessLogic:39 - URL to be hit: http://jsonplaceholder.typicode.com/comments?postId=6
2020-01-24 00:31:41 INFO  AllCommentssBusinessLogic:39 - URL to be hit: http://jsonplaceholder.typicode.com/comments?postId=7
2020-01-24 00:31:42 INFO  AllCommentssBusinessLogic:39 - URL to be hit: http://jsonplaceholder.typicode.com/comments?postId=8
2020-01-24 00:31:43 INFO  AllCommentssBusinessLogic:39 - URL to be hit: http://jsonplaceholder.typicode.com/comments?postId=9
2020-01-24 00:31:44 INFO  AllCommentssBusinessLogic:39 - URL to be hit: http://jsonplaceholder.typicode.com/comments?postId=10
2020-01-24 00:31:44 INFO  AllCommentssBusinessLogic:39 - URL to be hit: http://jsonplaceholder.typicode.com/comments?postId=11
2020-01-24 00:31:45 INFO  AllCommentssBusinessLogic:39 - URL to be hit: http://jsonplaceholder.typicode.com/comments?postId=12
2020-01-24 00:31:46 INFO  AllCommentssBusinessLogic:39 - URL to be hit: http://jsonplaceholder.typicode.com/comments?postId=13
2020-01-24 00:31:47 INFO  AllCommentssBusinessLogic:39 - URL to be hit: http://jsonplaceholder.typicode.com/comments?postId=14
2020-01-24 00:31:47 INFO  AllCommentssBusinessLogic:39 - URL to be hit: http://jsonplaceholder.typicode.com/comments?postId=15
2020-01-24 00:31:48 INFO  AllCommentssBusinessLogic:39 - URL to be hit: http://jsonplaceholder.typicode.com/comments?postId=16
2020-01-24 00:31:49 INFO  AllCommentssBusinessLogic:39 - URL to be hit: http://jsonplaceholder.typicode.com/comments?postId=17
2020-01-24 00:31:49 INFO  AllCommentssBusinessLogic:39 - URL to be hit: http://jsonplaceholder.typicode.com/comments?postId=18
2020-01-24 00:31:50 INFO  AllCommentssBusinessLogic:39 - URL to be hit: http://jsonplaceholder.typicode.com/comments?postId=19
2020-01-24 00:31:51 INFO  AllCommentssBusinessLogic:39 - URL to be hit: http://jsonplaceholder.typicode.com/comments?postId=20
2020-01-24 00:31:52 INFO  AllCommentssBusinessLogic:39 - URL to be hit: http://jsonplaceholder.typicode.com/comments?postId=21
2020-01-24 00:31:52 INFO  AllCommentssBusinessLogic:39 - URL to be hit: http://jsonplaceholder.typicode.com/comments?postId=22
2020-01-24 00:31:52 INFO  AllCommentssBusinessLogic:39 - URL to be hit: http://jsonplaceholder.typicode.com/comments?postId=23
2020-01-24 00:31:53 INFO  AllCommentssBusinessLogic:39 - URL to be hit: http://jsonplaceholder.typicode.com/comments?postId=24
2020-01-24 00:31:53 INFO  AllCommentssBusinessLogic:39 - URL to be hit: http://jsonplaceholder.typicode.com/comments?postId=25
2020-01-24 00:31:53 INFO  AllCommentssBusinessLogic:39 - URL to be hit: http://jsonplaceholder.typicode.com/comments?postId=26
2020-01-24 00:31:53 INFO  AllCommentssBusinessLogic:39 - URL to be hit: http://jsonplaceholder.typicode.com/comments?postId=27
2020-01-24 00:31:53 INFO  AllCommentssBusinessLogic:39 - URL to be hit: http://jsonplaceholder.typicode.com/comments?postId=28
2020-01-24 00:31:53 INFO  AllCommentssBusinessLogic:39 - URL to be hit: http://jsonplaceholder.typicode.com/comments?postId=29
2020-01-24 00:31:54 INFO  AllCommentssBusinessLogic:39 - URL to be hit: http://jsonplaceholder.typicode.com/comments?postId=30
2020-01-24 00:31:54 INFO  AllCommentssBusinessLogic:39 - URL to be hit: http://jsonplaceholder.typicode.com/comments?postId=31
2020-01-24 00:31:55 INFO  AllCommentssBusinessLogic:39 - URL to be hit: http://jsonplaceholder.typicode.com/comments?postId=32
2020-01-24 00:31:55 INFO  AllCommentssBusinessLogic:39 - URL to be hit: http://jsonplaceholder.typicode.com/comments?postId=33
2020-01-24 00:31:56 INFO  AllCommentssBusinessLogic:39 - URL to be hit: http://jsonplaceholder.typicode.com/comments?postId=34
2020-01-24 00:31:57 INFO  AllCommentssBusinessLogic:39 - URL to be hit: http://jsonplaceholder.typicode.com/comments?postId=35
2020-01-24 00:31:58 INFO  AllCommentssBusinessLogic:39 - URL to be hit: http://jsonplaceholder.typicode.com/comments?postId=36
2020-01-24 00:31:59 INFO  AllCommentssBusinessLogic:39 - URL to be hit: http://jsonplaceholder.typicode.com/comments?postId=37
2020-01-24 00:32:00 INFO  AllCommentssBusinessLogic:39 - URL to be hit: http://jsonplaceholder.typicode.com/comments?postId=38
2020-01-24 00:32:01 INFO  AllCommentssBusinessLogic:39 - URL to be hit: http://jsonplaceholder.typicode.com/comments?postId=39
2020-01-24 00:32:02 INFO  AllCommentssBusinessLogic:39 - URL to be hit: http://jsonplaceholder.typicode.com/comments?postId=40
2020-01-24 00:32:02 INFO  AllCommentssBusinessLogic:39 - URL to be hit: http://jsonplaceholder.typicode.com/comments?postId=41
2020-01-24 00:32:03 INFO  AllCommentssBusinessLogic:39 - URL to be hit: http://jsonplaceholder.typicode.com/comments?postId=42
2020-01-24 00:32:04 INFO  AllCommentssBusinessLogic:39 - URL to be hit: http://jsonplaceholder.typicode.com/comments?postId=43
2020-01-24 00:32:05 INFO  AllCommentssBusinessLogic:39 - URL to be hit: http://jsonplaceholder.typicode.com/comments?postId=44
2020-01-24 00:32:06 INFO  AllCommentssBusinessLogic:39 - URL to be hit: http://jsonplaceholder.typicode.com/comments?postId=45
2020-01-24 00:32:07 INFO  AllCommentssBusinessLogic:39 - URL to be hit: http://jsonplaceholder.typicode.com/comments?postId=46
2020-01-24 00:32:08 INFO  AllCommentssBusinessLogic:39 - URL to be hit: http://jsonplaceholder.typicode.com/comments?postId=47
2020-01-24 00:32:08 INFO  AllCommentssBusinessLogic:39 - URL to be hit: http://jsonplaceholder.typicode.com/comments?postId=48
2020-01-24 00:32:10 INFO  AllCommentssBusinessLogic:39 - URL to be hit: http://jsonplaceholder.typicode.com/comments?postId=49
2020-01-24 00:32:11 INFO  AllCommentssBusinessLogic:39 - URL to be hit: http://jsonplaceholder.typicode.com/comments?postId=50
2020-01-24 00:32:12 INFO  AllCommentssBusinessLogic:39 - URL to be hit: http://jsonplaceholder.typicode.com/comments?postId=51
2020-01-24 00:32:13 INFO  AllCommentssBusinessLogic:39 - URL to be hit: http://jsonplaceholder.typicode.com/comments?postId=52
2020-01-24 00:32:14 INFO  AllCommentssBusinessLogic:39 - URL to be hit: http://jsonplaceholder.typicode.com/comments?postId=53
2020-01-24 00:32:14 INFO  AllCommentssBusinessLogic:39 - URL to be hit: http://jsonplaceholder.typicode.com/comments?postId=54
2020-01-24 00:32:15 INFO  AllCommentssBusinessLogic:39 - URL to be hit: http://jsonplaceholder.typicode.com/comments?postId=55
2020-01-24 00:32:16 INFO  AllCommentssBusinessLogic:39 - URL to be hit: http://jsonplaceholder.typicode.com/comments?postId=56
2020-01-24 00:32:17 INFO  AllCommentssBusinessLogic:39 - URL to be hit: http://jsonplaceholder.typicode.com/comments?postId=57
2020-01-24 00:32:18 INFO  AllCommentssBusinessLogic:39 - URL to be hit: http://jsonplaceholder.typicode.com/comments?postId=58
2020-01-24 00:32:19 INFO  AllCommentssBusinessLogic:39 - URL to be hit: http://jsonplaceholder.typicode.com/comments?postId=59
2020-01-24 00:32:20 INFO  AllCommentssBusinessLogic:39 - URL to be hit: http://jsonplaceholder.typicode.com/comments?postId=60
2020-01-24 00:32:20 INFO  AllCommentssBusinessLogic:39 - URL to be hit: http://jsonplaceholder.typicode.com/comments?postId=61
2020-01-24 00:32:21 INFO  AllCommentssBusinessLogic:39 - URL to be hit: http://jsonplaceholder.typicode.com/comments?postId=62
2020-01-24 00:32:22 INFO  AllCommentssBusinessLogic:39 - URL to be hit: http://jsonplaceholder.typicode.com/comments?postId=63
2020-01-24 00:32:23 INFO  AllCommentssBusinessLogic:39 - URL to be hit: http://jsonplaceholder.typicode.com/comments?postId=64
2020-01-24 00:32:24 INFO  AllCommentssBusinessLogic:39 - URL to be hit: http://jsonplaceholder.typicode.com/comments?postId=65
2020-01-24 00:32:26 INFO  AllCommentssBusinessLogic:39 - URL to be hit: http://jsonplaceholder.typicode.com/comments?postId=66
2020-01-24 00:32:27 INFO  AllCommentssBusinessLogic:39 - URL to be hit: http://jsonplaceholder.typicode.com/comments?postId=67
2020-01-24 00:32:27 INFO  AllCommentssBusinessLogic:39 - URL to be hit: http://jsonplaceholder.typicode.com/comments?postId=68
2020-01-24 00:32:28 INFO  AllCommentssBusinessLogic:39 - URL to be hit: http://jsonplaceholder.typicode.com/comments?postId=69
2020-01-24 00:32:29 INFO  AllCommentssBusinessLogic:39 - URL to be hit: http://jsonplaceholder.typicode.com/comments?postId=70
2020-01-24 00:32:30 INFO  AllCommentssBusinessLogic:39 - URL to be hit: http://jsonplaceholder.typicode.com/comments?postId=71
2020-01-24 00:32:31 INFO  AllCommentssBusinessLogic:39 - URL to be hit: http://jsonplaceholder.typicode.com/comments?postId=72
2020-01-24 00:32:31 INFO  AllCommentssBusinessLogic:39 - URL to be hit: http://jsonplaceholder.typicode.com/comments?postId=73
2020-01-24 00:32:32 INFO  AllCommentssBusinessLogic:39 - URL to be hit: http://jsonplaceholder.typicode.com/comments?postId=74
2020-01-24 00:32:33 INFO  AllCommentssBusinessLogic:39 - URL to be hit: http://jsonplaceholder.typicode.com/comments?postId=75
2020-01-24 00:32:34 INFO  AllCommentssBusinessLogic:39 - URL to be hit: http://jsonplaceholder.typicode.com/comments?postId=76
2020-01-24 00:32:35 INFO  AllCommentssBusinessLogic:39 - URL to be hit: http://jsonplaceholder.typicode.com/comments?postId=77
2020-01-24 00:32:35 INFO  AllCommentssBusinessLogic:39 - URL to be hit: http://jsonplaceholder.typicode.com/comments?postId=78
2020-01-24 00:32:36 INFO  AllCommentssBusinessLogic:39 - URL to be hit: http://jsonplaceholder.typicode.com/comments?postId=79
2020-01-24 00:32:37 INFO  AllCommentssBusinessLogic:39 - URL to be hit: http://jsonplaceholder.typicode.com/comments?postId=80
2020-01-24 00:32:38 INFO  AllCommentssBusinessLogic:39 - URL to be hit: http://jsonplaceholder.typicode.com/comments?postId=81
2020-01-24 00:32:39 INFO  AllCommentssBusinessLogic:39 - URL to be hit: http://jsonplaceholder.typicode.com/comments?postId=82
2020-01-24 00:32:39 INFO  AllCommentssBusinessLogic:39 - URL to be hit: http://jsonplaceholder.typicode.com/comments?postId=83
2020-01-24 00:32:40 INFO  AllCommentssBusinessLogic:39 - URL to be hit: http://jsonplaceholder.typicode.com/comments?postId=84
2020-01-24 00:32:41 INFO  AllCommentssBusinessLogic:39 - URL to be hit: http://jsonplaceholder.typicode.com/comments?postId=85
2020-01-24 00:32:42 INFO  AllCommentssBusinessLogic:39 - URL to be hit: http://jsonplaceholder.typicode.com/comments?postId=86
2020-01-24 00:32:43 INFO  AllCommentssBusinessLogic:39 - URL to be hit: http://jsonplaceholder.typicode.com/comments?postId=87
2020-01-24 00:32:43 INFO  AllCommentssBusinessLogic:39 - URL to be hit: http://jsonplaceholder.typicode.com/comments?postId=88
2020-01-24 00:32:44 INFO  AllCommentssBusinessLogic:39 - URL to be hit: http://jsonplaceholder.typicode.com/comments?postId=89
2020-01-24 00:32:45 INFO  AllCommentssBusinessLogic:39 - URL to be hit: http://jsonplaceholder.typicode.com/comments?postId=90
2020-01-24 00:32:46 INFO  AllCommentssBusinessLogic:39 - URL to be hit: http://jsonplaceholder.typicode.com/comments?postId=91
2020-01-24 00:32:46 INFO  AllCommentssBusinessLogic:39 - URL to be hit: http://jsonplaceholder.typicode.com/comments?postId=92
2020-01-24 00:32:46 INFO  AllCommentssBusinessLogic:39 - URL to be hit: http://jsonplaceholder.typicode.com/comments?postId=93
2020-01-24 00:32:47 INFO  AllCommentssBusinessLogic:39 - URL to be hit: http://jsonplaceholder.typicode.com/comments?postId=94
2020-01-24 00:32:47 INFO  AllCommentssBusinessLogic:39 - URL to be hit: http://jsonplaceholder.typicode.com/comments?postId=95
2020-01-24 00:32:47 INFO  AllCommentssBusinessLogic:39 - URL to be hit: http://jsonplaceholder.typicode.com/comments?postId=96
2020-01-24 00:32:47 INFO  AllCommentssBusinessLogic:39 - URL to be hit: http://jsonplaceholder.typicode.com/comments?postId=97
2020-01-24 00:32:47 INFO  AllCommentssBusinessLogic:39 - URL to be hit: http://jsonplaceholder.typicode.com/comments?postId=98
2020-01-24 00:32:47 INFO  AllCommentssBusinessLogic:39 - URL to be hit: http://jsonplaceholder.typicode.com/comments?postId=99
2020-01-24 00:32:48 INFO  AllCommentssBusinessLogic:39 - URL to be hit: http://jsonplaceholder.typicode.com/comments?postId=100
2020-01-24 00:41:57 INFO  SingleUserBusinessLogic:32 - URL to be hit:http://jsonplaceholder.typicode.com/users
2020-01-24 00:41:59 INFO  SingleUserBusinessLogic:45 - Single User :[Lcom.pojos.SingleUser;@3ee39da0
2020-01-24 00:41:59 INFO  IntegrationTestsCommentsValidations:44 - com.pojos.SingleUser@5d332969
2020-01-24 00:41:59 INFO  IntegrationTestsCommentsValidations:45 - 3
2020-01-24 00:41:59 INFO  AllPostsBusinessLogic:35 - URL to be hit: http://jsonplaceholder.typicode.com/posts?userId=3
2020-01-24 00:42:00 INFO  AllCommentssBusinessLogic:39 - URL to be hit: http://jsonplaceholder.typicode.com/comments?postId==21
2020-01-24 00:42:01 INFO  AllCommentssBusinessLogic:39 - URL to be hit: http://jsonplaceholder.typicode.com/comments?postId==22
2020-01-24 00:42:01 INFO  AllCommentssBusinessLogic:39 - URL to be hit: http://jsonplaceholder.typicode.com/comments?postId==23
2020-01-24 00:42:01 INFO  AllCommentssBusinessLogic:39 - URL to be hit: http://jsonplaceholder.typicode.com/comments?postId==24
2020-01-24 00:42:02 INFO  AllCommentssBusinessLogic:39 - URL to be hit: http://jsonplaceholder.typicode.com/comments?postId==25
2020-01-24 00:42:02 INFO  AllCommentssBusinessLogic:39 - URL to be hit: http://jsonplaceholder.typicode.com/comments?postId==26
2020-01-24 00:42:02 INFO  AllCommentssBusinessLogic:39 - URL to be hit: http://jsonplaceholder.typicode.com/comments?postId==27
2020-01-24 00:42:03 INFO  AllCommentssBusinessLogic:39 - URL to be hit: http://jsonplaceholder.typicode.com/comments?postId==28
2020-01-24 00:42:03 INFO  AllCommentssBusinessLogic:39 - URL to be hit: http://jsonplaceholder.typicode.com/comments?postId==29
2020-01-24 00:42:03 INFO  AllCommentssBusinessLogic:39 - URL to be hit: http://jsonplaceholder.typicode.com/comments?postId==30
2020-01-24 09:46:51 INFO  SingleUserBusinessLogic:32 - URL to be hit:http://jsonplaceholder.typicode.com/users
2020-01-24 09:46:55 INFO  SingleUserBusinessLogic:45 - Single User :[Lcom.pojos.SingleUser;@44e08a7a
2020-01-24 09:46:55 INFO  IntegrationTestsCommentsValidations:44 - com.pojos.SingleUser@78bd02c8
2020-01-24 09:46:55 INFO  IntegrationTestsCommentsValidations:45 - 3
2020-01-24 09:46:55 INFO  AllPostsBusinessLogic:35 - URL to be hit: http://jsonplaceholder.typicode.com/posts?userId=3
2020-01-24 09:46:56 INFO  AllCommentssBusinessLogic:39 - URL to be hit: http://jsonplaceholder.typicode.com/comments?postId==21
2020-01-24 09:46:57 INFO  AllCommentssBusinessLogic:39 - URL to be hit: http://jsonplaceholder.typicode.com/comments?postId==22
2020-01-24 09:46:58 INFO  AllCommentssBusinessLogic:39 - URL to be hit: http://jsonplaceholder.typicode.com/comments?postId==23
2020-01-24 09:47:00 INFO  AllCommentssBusinessLogic:39 - URL to be hit: http://jsonplaceholder.typicode.com/comments?postId==24
2020-01-24 09:47:01 INFO  AllCommentssBusinessLogic:39 - URL to be hit: http://jsonplaceholder.typicode.com/comments?postId==25
2020-01-24 09:47:02 INFO  AllCommentssBusinessLogic:39 - URL to be hit: http://jsonplaceholder.typicode.com/comments?postId==26
2020-01-24 09:47:03 INFO  AllCommentssBusinessLogic:39 - URL to be hit: http://jsonplaceholder.typicode.com/comments?postId==27
2020-01-24 09:47:04 INFO  AllCommentssBusinessLogic:39 - URL to be hit: http://jsonplaceholder.typicode.com/comments?postId==28
2020-01-24 09:47:05 INFO  AllCommentssBusinessLogic:39 - URL to be hit: http://jsonplaceholder.typicode.com/comments?postId==29
2020-01-24 09:47:06 INFO  AllCommentssBusinessLogic:39 - URL to be hit: http://jsonplaceholder.typicode.com/comments?postId==30
2020-01-24 19:42:22 INFO  SingleUserBusinessLogic:35 - URL to be hit:http://jsonplaceholder.typicode.com/users
2020-01-24 19:42:25 INFO  SingleUserBusinessLogic:53 - Single User :[Lcom.pojos.SingleUser;@3add81c4
2020-01-24 19:45:36 INFO  SingleUserBusinessLogic:35 - URL to be hit:http://jsonplaceholder.typicode.com/users
2020-01-24 19:54:02 INFO  SingleUserBusinessLogic:35 - URL to be hit:http://jsonplaceholder.typicode.com/users
2020-01-24 19:55:29 INFO  SingleUserBusinessLogic:35 - URL to be hit:http://jsonplaceholder.typicode.com/users
2020-01-24 19:56:38 INFO  SingleUserBusinessLogic:35 - URL to be hit:http://jsonplaceholder.typicode.com/users
2020-01-24 19:57:13 INFO  SingleUserBusinessLogic:35 - URL to be hit:http://jsonplaceholder.typicode.com/users
2020-01-24 19:59:07 INFO  SingleUserBusinessLogic:35 - URL to be hit:http://jsonplaceholder.typicode.com/users
2020-01-24 20:11:18 INFO  SingleUserBusinessLogic:36 - URL to be hit:http://jsonplaceholder.typicode.com/users
2020-01-24 20:12:03 INFO  SingleUserBusinessLogic:36 - URL to be hit:http://jsonplaceholder.typicode.com/users
2020-01-24 20:15:09 INFO  SingleUserBusinessLogic:36 - URL to be hit:http://jsonplaceholder.typicode.com/users
2020-01-24 20:15:11 INFO  SingleUserBusinessLogic:54 - Single User :[Lcom.pojos.SingleUser;@4a951911
2020-01-24 20:15:11 INFO  IntegrationTestsCommentsValidations:50 - com.pojos.SingleUser@55b62629
2020-01-24 20:15:11 INFO  IntegrationTestsCommentsValidations:51 - 3
2020-01-24 20:15:11 INFO  AllPostsBusinessLogic:38 - URL to be hit: http://jsonplaceholder.typicode.com1313=1313
2020-01-24 20:16:02 INFO  SingleUserBusinessLogic:36 - URL to be hit:http://jsonplaceholder.typicode.com/users
2020-01-24 20:18:05 INFO  SingleUserBusinessLogic:36 - URL to be hit:http://jsonplaceholder.typicode.com/users
2020-01-24 20:18:07 INFO  SingleUserBusinessLogic:54 - Single User :[Lcom.pojos.SingleUser;@2617f816
2020-01-24 20:18:07 INFO  IntegrationTestsCommentsValidations:50 - com.pojos.SingleUser@676f0a60
2020-01-24 20:18:07 INFO  IntegrationTestsCommentsValidations:51 - 3
2020-01-24 20:18:07 INFO  AllPostsBusinessLogic:38 - URL to be hit: http://jsonplaceholder.typicode.com1313=1313
2020-01-24 20:31:25 INFO  SingleUserBusinessLogic:36 - URL to be hit:http://jsonplaceholder.typicode.com/users
2020-01-24 20:31:27 INFO  SingleUserBusinessLogic:54 - Single User :[Lcom.pojos.SingleUser;@676f0a60
2020-01-24 20:31:27 INFO  IntegrationTestsCommentsValidations:49 - com.pojos.SingleUser@5d10455d
2020-01-24 20:31:27 INFO  IntegrationTestsCommentsValidations:50 - 3
2020-01-24 20:31:27 INFO  AllPostsBusinessLogic:38 - URL to be hit: http://jsonplaceholder.typicode.com3=3
2020-01-24 20:37:00 INFO  SingleUserBusinessLogic:36 - URL to be hit:http://jsonplaceholder.typicode.com/users
2020-01-24 20:37:02 INFO  SingleUserBusinessLogic:54 - Single User :[Lcom.pojos.SingleUser;@2617f816
2020-01-24 20:37:02 INFO  IntegrationTestsCommentsValidations:49 - com.pojos.SingleUser@676f0a60
2020-01-24 20:37:02 INFO  IntegrationTestsCommentsValidations:50 - 3
2020-01-24 20:37:02 INFO  AllPostsBusinessLogic:38 - URL to be hit: 
2020-01-24 20:37:49 INFO  SingleUserBusinessLogic:36 - URL to be hit:http://jsonplaceholder.typicode.com/users
2020-01-24 20:38:07 INFO  SingleUserBusinessLogic:54 - Single User :[Lcom.pojos.SingleUser;@3d96fa9e
2020-01-24 20:38:07 INFO  IntegrationTestsCommentsValidations:49 - com.pojos.SingleUser@3b545206
2020-01-24 20:38:07 INFO  IntegrationTestsCommentsValidations:50 - 3
2020-01-24 20:38:49 INFO  AllPostsBusinessLogic:38 - URL to be hit: 
2020-01-24 20:41:27 INFO  SingleUserBusinessLogic:36 - URL to be hit:http://jsonplaceholder.typicode.com/users
2020-01-24 20:41:30 INFO  SingleUserBusinessLogic:54 - Single User :[Lcom.pojos.SingleUser;@676f0a60
2020-01-24 20:41:30 INFO  IntegrationTestsCommentsValidations:49 - com.pojos.SingleUser@5d10455d
2020-01-24 20:41:30 INFO  IntegrationTestsCommentsValidations:50 - 3
2020-01-24 20:41:30 INFO  AllPostsBusinessLogic:38 - URL to be hit: 
2020-01-24 20:41:30 INFO  AllCommentssBusinessLogic:42 - URL to be hit: http://jsonplaceholder.typicode.com/comments=21
2020-01-24 20:41:31 INFO  AllCommentssBusinessLogic:42 - URL to be hit: http://jsonplaceholder.typicode.com/comments=22
2020-01-24 20:41:31 INFO  AllCommentssBusinessLogic:42 - URL to be hit: http://jsonplaceholder.typicode.com/comments=23
2020-01-24 20:41:32 INFO  AllCommentssBusinessLogic:42 - URL to be hit: http://jsonplaceholder.typicode.com/comments=24
2020-01-24 20:41:33 INFO  AllCommentssBusinessLogic:42 - URL to be hit: http://jsonplaceholder.typicode.com/comments=25
2020-01-24 20:41:34 INFO  AllCommentssBusinessLogic:42 - URL to be hit: http://jsonplaceholder.typicode.com/comments=26
2020-01-24 20:41:35 INFO  AllCommentssBusinessLogic:42 - URL to be hit: http://jsonplaceholder.typicode.com/comments=27
2020-01-24 20:41:35 INFO  AllCommentssBusinessLogic:42 - URL to be hit: http://jsonplaceholder.typicode.com/comments=28
2020-01-24 20:41:36 INFO  AllCommentssBusinessLogic:42 - URL to be hit: http://jsonplaceholder.typicode.com/comments=29
2020-01-24 20:41:37 INFO  AllCommentssBusinessLogic:42 - URL to be hit: http://jsonplaceholder.typicode.com/comments=30
2020-01-24 20:43:11 INFO  SingleUserBusinessLogic:36 - URL to be hit:http://jsonplaceholder.typicode.com/users
2020-01-24 20:43:14 INFO  SingleUserBusinessLogic:54 - Single User :[Lcom.pojos.SingleUser;@676f0a60
2020-01-24 20:43:14 INFO  IntegrationTestsCommentsValidations:49 - com.pojos.SingleUser@5d10455d
2020-01-24 20:43:14 INFO  IntegrationTestsCommentsValidations:50 - 3
2020-01-24 20:43:14 INFO  AllPostsBusinessLogic:38 - URL to be hit: 
2020-01-24 20:43:14 INFO  AllCommentssBusinessLogic:42 - URL to be hit: http://jsonplaceholder.typicode.com/comments=21
2020-01-24 20:43:15 INFO  AllCommentssBusinessLogic:42 - URL to be hit: http://jsonplaceholder.typicode.com/comments=22
2020-01-24 20:43:15 INFO  AllCommentssBusinessLogic:42 - URL to be hit: http://jsonplaceholder.typicode.com/comments=23
2020-01-24 20:43:15 INFO  AllCommentssBusinessLogic:42 - URL to be hit: http://jsonplaceholder.typicode.com/comments=24
2020-01-24 20:43:16 INFO  AllCommentssBusinessLogic:42 - URL to be hit: http://jsonplaceholder.typicode.com/comments=25
2020-01-24 20:43:16 INFO  AllCommentssBusinessLogic:42 - URL to be hit: http://jsonplaceholder.typicode.com/comments=26
2020-01-24 20:43:16 INFO  AllCommentssBusinessLogic:42 - URL to be hit: http://jsonplaceholder.typicode.com/comments=27
2020-01-24 20:43:17 INFO  AllCommentssBusinessLogic:42 - URL to be hit: http://jsonplaceholder.typicode.com/comments=28
2020-01-24 20:43:17 INFO  AllCommentssBusinessLogic:42 - URL to be hit: http://jsonplaceholder.typicode.com/comments=29
2020-01-24 20:43:17 INFO  AllCommentssBusinessLogic:42 - URL to be hit: http://jsonplaceholder.typicode.com/comments=30
2020-01-24 20:43:56 INFO  SingleUserBusinessLogic:36 - URL to be hit:http://jsonplaceholder.typicode.com/users
2020-01-24 20:43:59 INFO  SingleUserBusinessLogic:54 - Single User :[Lcom.pojos.SingleUser;@2617f816
2020-01-24 20:43:59 INFO  IntegrationTestsCommentsValidations:49 - com.pojos.SingleUser@676f0a60
2020-01-24 20:43:59 INFO  IntegrationTestsCommentsValidations:50 - 3
2020-01-24 20:43:59 INFO  AllPostsBusinessLogic:38 - URL to be hit: 
2020-01-24 20:43:59 INFO  AllCommentssBusinessLogic:42 - URL to be hit: http://jsonplaceholder.typicode.com/comments=6166
2020-01-24 20:44:00 INFO  AllCommentssBusinessLogic:42 - URL to be hit: http://jsonplaceholder.typicode.com/comments=6166
2020-01-24 20:44:00 INFO  AllCommentssBusinessLogic:42 - URL to be hit: http://jsonplaceholder.typicode.com/comments=6166
2020-01-24 20:44:01 INFO  AllCommentssBusinessLogic:42 - URL to be hit: http://jsonplaceholder.typicode.com/comments=6166
2020-01-24 20:44:01 INFO  AllCommentssBusinessLogic:42 - URL to be hit: http://jsonplaceholder.typicode.com/comments=6166
2020-01-24 20:44:01 INFO  AllCommentssBusinessLogic:42 - URL to be hit: http://jsonplaceholder.typicode.com/comments=6166
2020-01-24 20:44:02 INFO  AllCommentssBusinessLogic:42 - URL to be hit: http://jsonplaceholder.typicode.com/comments=6166
2020-01-24 20:44:02 INFO  AllCommentssBusinessLogic:42 - URL to be hit: http://jsonplaceholder.typicode.com/comments=6166
2020-01-24 20:44:02 INFO  AllCommentssBusinessLogic:42 - URL to be hit: http://jsonplaceholder.typicode.com/comments=6166
2020-01-24 20:44:03 INFO  AllCommentssBusinessLogic:42 - URL to be hit: http://jsonplaceholder.typicode.com/comments=6166
2020-01-24 20:58:22 INFO  SingleUserBusinessLogic:36 - URL to be hit:http://jsonplaceholder.typicode.com/users
2020-01-24 20:58:25 INFO  SingleUserTestCases:32 - 15
2020-01-24 21:49:29 INFO  SingleUserBusinessLogic:36 - URL to be hit:http://jsonplaceholder.typicode.com/users
2020-01-24 21:49:31 INFO  SingleUserTestCases:32 - 15
2020-01-24 21:53:56 INFO  SingleUserBusinessLogic:36 - URL to be hit:http://jsonplaceholder.typicode.com/users
2020-01-24 21:53:58 INFO  SingleUserTestCases:32 - 15
2020-01-24 21:56:03 INFO  SingleUserBusinessLogic:36 - URL to be hit:http://jsonplaceholder.typicode.com/users
2020-01-24 21:56:06 INFO  SingleUserTestCases:32 - UserID - 15
2020-01-24 22:04:04 INFO  SingleUserBusinessLogic:63 - URL to be hit:http://jsonplaceholder.typicode.com/users
2020-01-24 22:04:07 INFO  PostsTestCases:32 - postId - 1253
2020-01-24 22:13:59 INFO  PostsBusinessLogic:67 - URL to be hit:
2020-01-24 22:14:02 INFO  PostsTestCases:35 - postId - 1253
2020-01-24 22:14:17 INFO  PostsBusinessLogic:67 - URL to be hit:
2020-01-24 22:14:20 INFO  PostsBusinessLogic:84 - Single Post :[Lcom.pojos.SinglePost;@2ba45490
2020-01-24 22:14:20 INFO  PostsTestCases:35 - postId - 1
2020-01-24 22:14:20 INFO  PostsTestCases:38 - No Posts Found.
2020-01-24 22:15:24 INFO  PostsBusinessLogic:67 - URL to be hit:
2020-01-24 22:15:26 INFO  PostsBusinessLogic:84 - Single Post :[Lcom.pojos.SinglePost;@37ff4054
2020-01-24 22:15:26 INFO  PostsTestCases:35 - postId - 1
2020-01-24 22:15:26 INFO  PostsTestCases:38 - No Posts Found.
2020-01-24 22:16:43 INFO  PostsBusinessLogic:67 - URL to be hit:
2020-01-24 22:16:45 INFO  PostsBusinessLogic:84 - Single Post :[Lcom.pojos.SinglePost;@37ff4054
2020-01-24 22:16:45 INFO  PostsTestCases:35 - postId - 1
2020-01-24 22:16:45 ERROR PostsTestCases:41 - Posts not expected
2020-01-24 22:17:22 INFO  PostsBusinessLogic:67 - URL to be hit:
2020-01-24 22:17:25 INFO  PostsBusinessLogic:84 - Single Post :[Lcom.pojos.SinglePost;@37ff4054
2020-01-24 22:17:25 INFO  PostsTestCases:37 - postId - 1
2020-01-24 22:20:41 INFO  PostsBusinessLogic:67 - URL to be hit:
2020-01-24 22:20:44 INFO  PostsBusinessLogic:84 - Single Post :[Lcom.pojos.SinglePost;@37ff4054
2020-01-24 22:20:44 INFO  PostsTestCases:37 - postId - 1
2020-01-24 22:20:44 ERROR PostsTestCases:43 - Posts not expected
2020-01-24 22:21:47 INFO  PostsBusinessLogic:67 - URL to be hit:
2020-01-24 22:21:51 INFO  PostsBusinessLogic:84 - Single Post :[Lcom.pojos.SinglePost;@37ff4054
2020-01-24 22:21:51 INFO  PostsTestCases:37 - postId - 1
2020-01-24 22:21:51 ERROR PostsTestCases:43 - Posts not expected
2020-01-24 22:23:41 INFO  PostsBusinessLogic:67 - URL to be hit:
2020-01-24 22:23:44 INFO  PostsBusinessLogic:84 - Single Post :[Lcom.pojos.SinglePost;@37ff4054
2020-01-24 22:23:44 INFO  PostsTestCases:37 - postId - 1
2020-01-24 22:23:44 ERROR PostsTestCases:43 - java.lang.AssertionError: Assertion Failed expected [null] but found [com.pojos.SinglePost@737edcfa]
2020-01-24 22:28:13 INFO  PostsBusinessLogic:67 - URL to be hit:
2020-01-24 22:28:16 INFO  PostsBusinessLogic:84 - Single Post :[Lcom.pojos.SinglePost;@37ff4054
2020-01-24 22:28:16 INFO  PostsTestCases:37 - postId - 1
2020-01-24 22:28:16 ERROR PostsTestCases:43 - java.lang.AssertionError: Assertion Failed expected [null] but found [com.pojos.SinglePost@737edcfa]
2020-01-24 22:33:52 INFO  PostsBusinessLogic:67 - URL to be hit:
2020-01-24 22:46:20 INFO  PostsBusinessLogic:68 - URL to be hit:
2020-01-24 22:59:32 INFO  PostsBusinessLogic:70 - URL to be hit:
2020-01-24 23:01:19 INFO  PostsBusinessLogic:70 - URL to be hit:
2020-01-24 23:02:42 INFO  PostsBusinessLogic:71 - URL to be hit:
2020-01-24 23:05:49 INFO  PostsBusinessLogic:71 - URL to be hit:
2020-01-24 23:07:29 INFO  PostsBusinessLogic:71 - URL to be hit:
2020-01-24 23:16:27 INFO  PostsBusinessLogic:71 - URL to be hit:
